0001_0028_0015_0054_0054.jpg 1 28 15 54 54
0002_0006_0020_0064_0064.jpg 1 6 20 64 64
0003_0020_0055_0026_0026.jpg 1 20 55 26 26
0004_0023_0033_0057_0057.jpg 1 23 33 57 57
0005_0015_0054_0038_0038.jpg 1 15 54 38 38
0006_0061_0056_0027_0027.jpg 1 61 56 27 27
0007_0039_0008_0049_0049.jpg 1 39 8 49 49
0008_0026_0007_0057_0057.jpg 1 26 7 57 57
0009_0013_0025_0055_0055.jpg 1 13 25 55 55
0010_0035_0026_0042_0042.jpg 1 35 26 42 42
0011_0035_0037_0057_0057.jpg 1 35 37 57 57
0012_0033_0046_0046_0046.jpg 1 33 46 46 46
0013_0005_0028_0062_0062.jpg 1 5 28 62 62
0014_0046_0047_0027_0027.jpg 1 46 47 27 27
0015_0027_0051_0041_0041.jpg 1 27 51 41 41
0016_0014_0010_0050_0050.jpg 1 14 10 50 50
0017_0010_0040_0054_0054.jpg 1 10 40 54 54
0018_0052_0007_0033_0033.jpg 1 52 7 33 33
0019_0009_0019_0066_0066.jpg 1 9 19 66 66
0020_0008_0042_0049_0049.jpg 1 8 42 49 49
0021_0016_0024_0044_0044.jpg 1 16 24 44 44
0022_0013_0004_0064_0064.jpg 1 13 4 64 64
0023_0021_0048_0030_0030.jpg 1 21 48 30 30
0024_0039_0021_0046_0046.jpg 1 39 21 46 46
0025_0055_0048_0036_0036.jpg 1 55 48 36 36
0026_0017_0009_0055_0055.jpg 1 17 9 55 55
0027_0024_0021_0044_0044.jpg 1 24 21 44 44
0028_0042_0032_0037_0037.jpg 1 42 32 37 37
0029_0006_0025_0050_0050.jpg 1 6 25 50 50
0030_0033_0034_0058_0058.jpg 1 33 34 58 58
0031_0037_0030_0026_0026.jpg 1 37 30 26 26
0032_0027_0042_0037_0037.jpg 1 27 42 37 37
0033_0029_0023_0030_0030.jpg 1 29 23 30 30
0034_0010_0028_0053_0053.jpg 1 10 28 53 53
0035_0036_0017_0027_0027.jpg 1 36 17 27 27
0036_0034_0043_0030_0030.jpg 1 34 43 30 30
0037_0028_0049_0032_0032.jpg 1 28 49 32 32
0038_0007_0040_0043_0043.jpg 1 7 40 43 43
0039_0033_0005_0057_0057.jpg 1 33 5 57 57
0040_0024_0011_0028_0028.jpg 1 24 11 28 28
0041_0033_0033_0031_0031.jpg 1 33 33 31 31
0042_0054_0020_0036_0036.jpg 1 54 20 36 36
0043_0026_0026_0061_0061.jpg 1 26 26 61 61
0044_0017_0010_0062_0062.jpg 1 17 10 62 62
0045_0052_0047_0032_0032.jpg 1 52 47 32 32
0046_0016_0020_0038_0038.jpg 1 16 20 38 38
0047_0019_0013_0052_0052.jpg 1 19 13 52 52
0048_0008_0031_0055_0055.jpg 1 8 31 55 55
0049_0030_0012_0062_0062.jpg 1 30 12 62 62
0050_0012_0026_0033_0033.jpg 1 12 26 33 33
0051_0018_0020_0053_0053.jpg 1 18 20 53 53
0052_0013_0010_0064_0064.jpg 1 13 10 64 64
0053_0027_0015_0058_0058.jpg 1 27 15 58 58
0054_0038_0044_0033_0033.jpg 1 38 44 33 33
0055_0026_0042_0042_0042.jpg 1 26 42 42 42
0056_0040_0032_0037_0037.jpg 1 40 32 37 37
0057_0026_0013_0037_0037.jpg 1 26 13 37 37
0058_0036_0021_0025_0025.jpg 1 36 21 25 25
0059_0014_0029_0061_0061.jpg 1 14 29 61 61
0060_0013_0035_0036_0036.jpg 1 13 35 36 36
0061_0036_0015_0053_0053.jpg 1 36 15 53 53
0062_0010_0030_0061_0061.jpg 1 10 30 61 61
0063_0047_0036_0037_0037.jpg 1 47 36 37 37
0064_0018_0028_0059_0059.jpg 1 18 28 59 59
0065_0042_0030_0038_0038.jpg 1 42 30 38 38
0066_0017_0008_0068_0068.jpg 1 17 8 68 68
0067_0021_0026_0040_0040.jpg 1 21 26 40 40
0068_0021_0019_0028_0028.jpg 1 21 19 28 28
0069_0003_0011_0062_0062.jpg 1 3 11 62 62
0070_0052_0038_0039_0039.jpg 1 52 38 39 39
0071_0010_0037_0044_0044.jpg 1 10 37 44 44
0072_0020_0036_0033_0033.jpg 1 20 36 33 33
0073_0031_0007_0060_0060.jpg 1 31 7 60 60
0074_0014_0036_0050_0050.jpg 1 14 36 50 50
0075_0023_0016_0029_0029.jpg 1 23 16 29 29
0076_0012_0030_0027_0027.jpg 1 12 30 27 27
0077_0025_0027_0053_0053.jpg 1 25 27 53 53
0078_0019_0028_0068_0068.jpg 1 19 28 68 68
0079_0006_0024_0046_0046.jpg 1 6 24 46 46
0080_0033_0024_0058_0058.jpg 1 33 24 58 58
0081_0020_0010_0065_0065.jpg 1 20 10 65 65
0082_0031_0031_0047_0047.jpg 1 31 31 47 47
0083_0007_0004_0068_0068.jpg 1 7 4 68 68
0084_0049_0045_0034_0034.jpg 1 49 45 34 34
0085_0052_0033_0026_0026.jpg 1 52 33 26 26
0086_0003_0029_0065_0065.jpg 1 3 29 65 65
0087_0025_0026_0039_0039.jpg 1 25 26 39 39
0088_0036_0036_0032_0032.jpg 1 36 36 32 32
0089_0020_0005_0053_0053.jpg 1 20 5 53 53
0090_0010_0017_0065_0065.jpg 1 10 17 65 65
0091_0032_0035_0054_0054.jpg 1 32 35 54 54
0092_0051_0056_0026_0026.jpg 1 51 56 26 26
0093_0030_0008_0042_0042.jpg 1 30 8 42 42
0094_0033_0021_0053_0053.jpg 1 33 21 53 53
0095_0020_0026_0035_0035.jpg 1 20 26 35 35
0096_0012_0028_0043_0043.jpg 1 12 28 43 43
0097_0004_0027_0068_0068.jpg 1 4 27 68 68
0098_0015_0017_0061_0061.jpg 1 15 17 61 61
0099_0029_0014_0067_0067.jpg 1 29 14 67 67
0100_0019_0006_0058_0058.jpg 1 19 6 58 58
0101_0046_0025_0044_0044.jpg 1 46 25 44 44
0102_0008_0050_0030_0030.jpg 1 8 50 30 30
0103_0008_0038_0056_0056.jpg 1 8 38 56 56
0104_0017_0035_0060_0060.jpg 1 17 35 60 60
0105_0019_0014_0056_0056.jpg 1 19 14 56 56
0106_0021_0034_0044_0044.jpg 1 21 34 44 44
0107_0015_0010_0043_0043.jpg 1 15 10 43 43
0108_0058_0017_0027_0027.jpg 1 58 17 27 27
0109_0013_0052_0024_0024.jpg 1 13 52 24 24
0110_0023_0027_0031_0031.jpg 1 23 27 31 31
0111_0042_0023_0037_0037.jpg 1 42 23 37 37
0112_0013_0005_0051_0051.jpg 1 13 5 51 51
0113_0006_0023_0068_0068.jpg 1 6 23 68 68
0114_0031_0007_0059_0059.jpg 1 31 7 59 59
0115_0019_0024_0039_0039.jpg 1 19 24 39 39
0116_0006_0033_0045_0045.jpg 1 6 33 45 45
0117_0019_0021_0051_0051.jpg 1 19 21 51 51
0118_0033_0024_0061_0061.jpg 1 33 24 61 61
0119_0023_0017_0029_0029.jpg 1 23 17 29 29
0120_0016_0006_0046_0046.jpg 1 16 6 46 46
0121_0025_0011_0026_0026.jpg 1 25 11 26 26
0122_0013_0012_0056_0056.jpg 1 13 12 56 56
0123_0026_0030_0059_0059.jpg 1 26 30 59 59
0124_0046_0052_0035_0035.jpg 1 46 52 35 35
0125_0019_0009_0044_0044.jpg 1 19 9 44 44
0126_0042_0054_0030_0030.jpg 1 42 54 30 30
0127_0015_0035_0057_0057.jpg 1 15 35 57 57
0128_0027_0005_0053_0053.jpg 1 27 5 53 53
0129_0032_0035_0060_0060.jpg 1 32 35 60 60
0130_0030_0034_0059_0059.jpg 1 30 34 59 59
0131_0024_0030_0058_0058.jpg 1 24 30 58 58
0132_0023_0018_0051_0051.jpg 1 23 18 51 51
0133_0015_0038_0050_0050.jpg 1 15 38 50 50
0134_0009_0005_0049_0049.jpg 1 9 5 49 49
0135_0027_0006_0069_0069.jpg 1 27 6 69 69
0136_0047_0012_0043_0043.jpg 1 47 12 43 43
0137_0019_0008_0051_0051.jpg 1 19 8 51 51
0138_0023_0015_0051_0051.jpg 1 23 15 51 51
0139_0009_0033_0049_0049.jpg 1 9 33 49 49
0140_0019_0026_0062_0062.jpg 1 19 26 62 62
0141_0020_0004_0069_0069.jpg 1 20 4 69 69
0142_0056_0056_0031_0031.jpg 1 56 56 31 31
0143_0028_0010_0044_0044.jpg 1 28 10 44 44
0144_0046_0052_0035_0035.jpg 1 46 52 35 35
0145_0027_0052_0037_0037.jpg 1 27 52 37 37
0146_0005_0029_0048_0048.jpg 1 5 29 48 48
0147_0007_0026_0050_0050.jpg 1 7 26 50 50
0148_0012_0004_0055_0055.jpg 1 12 4 55 55
0149_0031_0013_0059_0059.jpg 1 31 13 59 59
0150_0033_0028_0061_0061.jpg 1 33 28 61 61
0151_0041_0011_0033_0033.jpg 1 41 11 33 33
0152_0058_0012_0026_0026.jpg 1 58 12 26 26
0153_0028_0032_0058_0058.jpg 1 28 32 58 58
0154_0048_0030_0046_0046.jpg 1 48 30 46 46
0155_0024_0004_0069_0069.jpg 1 24 4 69 69
0156_0009_0014_0044_0044.jpg 1 9 14 44 44
0157_0030_0016_0057_0057.jpg 1 30 16 57 57
0158_0048_0037_0045_0045.jpg 1 48 37 45 45
0159_0056_0039_0026_0026.jpg 1 56 39 26 26
0160_0034_0016_0025_0025.jpg 1 34 16 25 25
0161_0028_0016_0065_0065.jpg 1 28 16 65 65
0162_0011_0024_0049_0049.jpg 1 11 24 49 49
0163_0021_0031_0032_0032.jpg 1 21 31 32 32
0164_0009_0025_0060_0060.jpg 1 9 25 60 60
0165_0042_0016_0041_0041.jpg 1 42 16 41 41
0166_0012_0040_0047_0047.jpg 1 12 40 47 47
0167_0063_0020_0029_0029.jpg 1 63 20 29 29
0168_0039_0007_0030_0030.jpg 1 39 7 30 30
0169_0040_0023_0034_0034.jpg 1 40 23 34 34
0170_0043_0014_0036_0036.jpg 1 43 14 36 36
0171_0028_0027_0065_0065.jpg 1 28 27 65 65
0172_0050_0032_0041_0041.jpg 1 50 32 41 41
0173_0009_0025_0057_0057.jpg 1 9 25 57 57
0174_0028_0045_0025_0025.jpg 1 28 45 25 25
0175_0023_0023_0033_0033.jpg 1 23 23 33 33
0176_0027_0030_0036_0036.jpg 1 27 30 36 36
0177_0007_0016_0042_0042.jpg 1 7 16 42 42
0178_0043_0020_0051_0051.jpg 1 43 20 51 51
0179_0010_0010_0041_0041.jpg 1 10 10 41 41
0180_0050_0038_0024_0024.jpg 1 50 38 24 24
0181_0007_0038_0034_0034.jpg 1 7 38 34 34
0182_0020_0006_0063_0063.jpg 1 20 6 63 63
0183_0021_0034_0036_0036.jpg 1 21 34 36 36
0184_0058_0026_0031_0031.jpg 1 58 26 31 31
0185_0019_0010_0052_0052.jpg 1 19 10 52 52
0186_0015_0023_0066_0066.jpg 1 15 23 66 66
0187_0015_0010_0042_0042.jpg 1 15 10 42 42
0188_0006_0047_0037_0037.jpg 1 6 47 37 37
0189_0003_0008_0068_0068.jpg 1 3 8 68 68
0190_0043_0048_0044_0044.jpg 1 43 48 44 44
0191_0013_0018_0029_0029.jpg 1 13 18 29 29
0192_0027_0022_0057_0057.jpg 1 27 22 57 57
0193_0027_0022_0059_0059.jpg 1 27 22 59 59
0194_0047_0036_0034_0034.jpg 1 47 36 34 34
0195_0012_0028_0052_0052.jpg 1 12 28 52 52
0196_0037_0034_0029_0029.jpg 1 37 34 29 29
0197_0044_0043_0050_0050.jpg 1 44 43 50 50
0198_0044_0034_0027_0027.jpg 1 44 34 27 27
0199_0021_0011_0062_0062.jpg 1 21 11 62 62
0200_0021_0030_0052_0052.jpg 1 21 30 52 52
0201_0027_0017_0061_0061.jpg 1 27 17 61 61
0202_0039_0053_0036_0036.jpg 1 39 53 36 36
0203_0006_0022_0046_0046.jpg 1 6 22 46 46
0204_0027_0032_0049_0049.jpg 1 27 32 49 49
0205_0049_0023_0032_0032.jpg 1 49 23 32 32
0206_0024_0025_0048_0048.jpg 1 24 25 48 48
0207_0007_0005_0055_0055.jpg 1 7 5 55 55
0208_0014_0016_0064_0064.jpg 1 14 16 64 64
0209_0005_0018_0054_0054.jpg 1 5 18 54 54
0210_0019_0007_0044_0044.jpg 1 19 7 44 44
0211_0034_0013_0045_0045.jpg 1 34 13 45 45
0212_0021_0040_0025_0025.jpg 1 21 40 25 25
0213_0004_0030_0062_0062.jpg 1 4 30 62 62
0214_0015_0026_0066_0066.jpg 1 15 26 66 66
0215_0019_0016_0050_0050.jpg 1 19 16 50 50
0216_0006_0021_0053_0053.jpg 1 6 21 53 53
0217_0036_0035_0038_0038.jpg 1 36 35 38 38
0218_0040_0047_0025_0025.jpg 1 40 47 25 25
0219_0034_0053_0039_0039.jpg 1 34 53 39 39
0220_0054_0054_0029_0029.jpg 1 54 54 29 29
0221_0040_0031_0024_0024.jpg 1 40 31 24 24
0222_0014_0010_0056_0056.jpg 1 14 10 56 56
0223_0019_0011_0060_0060.jpg 1 19 11 60 60
0224_0034_0017_0028_0028.jpg 1 34 17 28 28
0225_0044_0054_0035_0035.jpg 1 44 54 35 35
0226_0047_0034_0042_0042.jpg 1 47 34 42 42
0227_0035_0007_0060_0060.jpg 1 35 7 60 60
0228_0022_0004_0058_0058.jpg 1 22 4 58 58
0229_0022_0022_0067_0067.jpg 1 22 22 67 67
0230_0024_0031_0029_0029.jpg 1 24 31 29 29
0231_0019_0034_0027_0027.jpg 1 19 34 27 27
0232_0019_0064_0024_0024.jpg 1 19 64 24 24
0233_0024_0024_0061_0061.jpg 1 24 24 61 61
0234_0017_0025_0067_0067.jpg 1 17 25 67 67
0235_0044_0032_0047_0047.jpg 1 44 32 47 47
0236_0041_0044_0035_0035.jpg 1 41 44 35 35
0237_0030_0010_0036_0036.jpg 1 30 10 36 36
0238_0020_0060_0024_0024.jpg 1 20 60 24 24
0239_0013_0013_0046_0046.jpg 1 13 13 46 46
0240_0037_0040_0037_0037.jpg 1 37 40 37 37
0241_0019_0031_0063_0063.jpg 1 19 31 63 63
0242_0008_0036_0040_0040.jpg 1 8 36 40 40
0243_0005_0040_0044_0044.jpg 1 5 40 44 44
0244_0005_0007_0051_0051.jpg 1 5 7 51 51
0245_0018_0015_0053_0053.jpg 1 18 15 53 53
0246_0036_0011_0025_0025.jpg 1 36 11 25 25
0247_0037_0036_0038_0038.jpg 1 37 36 38 38
0248_0018_0029_0054_0054.jpg 1 18 29 54 54
0249_0041_0036_0040_0040.jpg 1 41 36 40 40
0250_0004_0011_0061_0061.jpg 1 4 11 61 61
0251_0063_0040_0024_0024.jpg 1 63 40 24 24
0252_0004_0022_0063_0063.jpg 1 4 22 63 63
0253_0033_0011_0042_0042.jpg 1 33 11 42 42
0254_0016_0015_0044_0044.jpg 1 16 15 44 44
0255_0011_0020_0050_0050.jpg 1 11 20 50 50
0256_0012_0056_0028_0028.jpg 1 12 56 28 28
0257_0036_0007_0047_0047.jpg 1 36 7 47 47
0258_0023_0025_0036_0036.jpg 1 23 25 36 36
0259_0025_0026_0057_0057.jpg 1 25 26 57 57
0260_0034_0040_0055_0055.jpg 1 34 40 55 55
0261_0009_0025_0056_0056.jpg 1 9 25 56 56
0262_0029_0009_0051_0051.jpg 1 29 9 51 51
0263_0008_0016_0028_0028.jpg 1 8 16 28 28
0264_0014_0005_0059_0059.jpg 1 14 5 59 59
0265_0025_0022_0053_0053.jpg 1 25 22 53 53
0266_0017_0015_0039_0039.jpg 1 17 15 39 39
0267_0014_0018_0064_0064.jpg 1 14 18 64 64
0268_0030_0018_0063_0063.jpg 1 30 18 63 63
0269_0016_0018_0053_0053.jpg 1 16 18 53 53
0270_0045_0064_0027_0027.jpg 1 45 64 27 27
0271_0019_0008_0043_0043.jpg 1 19 8 43 43
0272_0052_0039_0025_0025.jpg 1 52 39 25 25
0273_0030_0005_0053_0053.jpg 1 30 5 53 53
0274_0015_0016_0055_0055.jpg 1 15 16 55 55
0275_0015_0022_0058_0058.jpg 1 15 22 58 58
0276_0027_0035_0058_0058.jpg 1 27 35 58 58
0277_0010_0009_0053_0053.jpg 1 10 9 53 53
0278_0017_0019_0068_0068.jpg 1 17 19 68 68
0279_0017_0023_0066_0066.jpg 1 17 23 66 66
0280_0025_0015_0054_0054.jpg 1 25 15 54 54
0281_0007_0041_0044_0044.jpg 1 7 41 44 44
0282_0046_0039_0032_0032.jpg 1 46 39 32 32
0283_0009_0019_0048_0048.jpg 1 9 19 48 48
0284_0052_0017_0030_0030.jpg 1 52 17 30 30
0285_0019_0029_0052_0052.jpg 1 19 29 52 52
0286_0038_0030_0057_0057.jpg 1 38 30 57 57
0287_0013_0025_0032_0032.jpg 1 13 25 32 32
0288_0033_0060_0025_0025.jpg 1 33 60 25 25
0289_0027_0066_0025_0025.jpg 1 27 66 25 25
0290_0014_0019_0063_0063.jpg 1 14 19 63 63
0291_0058_0033_0033_0033.jpg 1 58 33 33 33
0292_0037_0014_0030_0030.jpg 1 37 14 30 30
0293_0018_0022_0060_0060.jpg 1 18 22 60 60
0294_0025_0027_0029_0029.jpg 1 25 27 29 29
0295_0058_0045_0034_0034.jpg 1 58 45 34 34
0296_0010_0015_0065_0065.jpg 1 10 15 65 65
0297_0011_0006_0062_0062.jpg 1 11 6 62 62
0298_0015_0004_0067_0067.jpg 1 15 4 67 67
0299_0020_0031_0049_0049.jpg 1 20 31 49 49
0300_0017_0019_0061_0061.jpg 1 17 19 61 61
0301_0023_0040_0034_0034.jpg 1 23 40 34 34
0302_0006_0003_0062_0062.jpg 1 6 3 62 62
0303_0042_0008_0048_0048.jpg 1 42 8 48 48
0304_0017_0017_0056_0056.jpg 1 17 17 56 56
0305_0019_0025_0049_0049.jpg 1 19 25 49 49
0306_0040_0041_0038_0038.jpg 1 40 41 38 38
0307_0011_0026_0067_0067.jpg 1 11 26 67 67
0308_0025_0005_0067_0067.jpg 1 25 5 67 67
0309_0056_0011_0036_0036.jpg 1 56 11 36 36
0310_0020_0047_0045_0045.jpg 1 20 47 45 45
0311_0006_0009_0062_0062.jpg 1 6 9 62 62
0312_0053_0042_0034_0034.jpg 1 53 42 34 34
0313_0059_0026_0031_0031.jpg 1 59 26 31 31
0314_0052_0030_0038_0038.jpg 1 52 30 38 38
0315_0047_0051_0037_0037.jpg 1 47 51 37 37
0316_0007_0062_0028_0028.jpg 1 7 62 28 28
0317_0056_0055_0034_0034.jpg 1 56 55 34 34
0318_0030_0013_0041_0041.jpg 1 30 13 41 41
0319_0032_0027_0060_0060.jpg 1 32 27 60 60
0320_0021_0013_0046_0046.jpg 1 21 13 46 46
0321_0008_0014_0068_0068.jpg 1 8 14 68 68
0322_0020_0016_0026_0026.jpg 1 20 16 26 26
0323_0052_0039_0041_0041.jpg 1 52 39 41 41
0324_0036_0056_0032_0032.jpg 1 36 56 32 32
0325_0019_0029_0061_0061.jpg 1 19 29 61 61
0326_0021_0020_0060_0060.jpg 1 21 20 60 60
0327_0006_0034_0057_0057.jpg 1 6 34 57 57
0328_0023_0016_0069_0069.jpg 1 23 16 69 69
0329_0053_0015_0030_0030.jpg 1 53 15 30 30
0330_0011_0034_0038_0038.jpg 1 11 34 38 38
0331_0022_0008_0030_0030.jpg 1 22 8 30 30
0332_0013_0020_0039_0039.jpg 1 13 20 39 39
0333_0038_0018_0024_0024.jpg 1 38 18 24 24
0334_0028_0032_0048_0048.jpg 1 28 32 48 48
0335_0042_0022_0025_0025.jpg 1 42 22 25 25
0336_0027_0021_0048_0048.jpg 1 27 21 48 48
0337_0017_0024_0025_0025.jpg 1 17 24 25 25
0338_0035_0048_0029_0029.jpg 1 35 48 29 29
0339_0059_0036_0027_0027.jpg 1 59 36 27 27
0340_0008_0032_0064_0064.jpg 1 8 32 64 64
0341_0027_0033_0062_0062.jpg 1 27 33 62 62
0342_0012_0016_0062_0062.jpg 1 12 16 62 62
0343_0028_0045_0028_0028.jpg 1 28 45 28 28
0344_0010_0014_0069_0069.jpg 1 10 14 69 69
0345_0035_0034_0049_0049.jpg 1 35 34 49 49
0346_0011_0016_0060_0060.jpg 1 11 16 60 60
0347_0042_0028_0030_0030.jpg 1 42 28 30 30
0348_0027_0007_0067_0067.jpg 1 27 7 67 67
0349_0042_0042_0037_0037.jpg 1 42 42 37 37
0350_0033_0022_0024_0024.jpg 1 33 22 24 24
0351_0030_0024_0053_0053.jpg 1 30 24 53 53
0352_0005_0006_0069_0069.jpg 1 5 6 69 69
0353_0033_0014_0046_0046.jpg 1 33 14 46 46
0354_0010_0006_0067_0067.jpg 1 10 6 67 67
0355_0028_0035_0027_0027.jpg 1 28 35 27 27
0356_0039_0050_0032_0032.jpg 1 39 50 32 32
0357_0032_0036_0045_0045.jpg 1 32 36 45 45
0358_0031_0044_0031_0031.jpg 1 31 44 31 31
0359_0011_0059_0032_0032.jpg 1 11 59 32 32
0360_0038_0013_0053_0053.jpg 1 38 13 53 53
0361_0030_0029_0060_0060.jpg 1 30 29 60 60
0362_0067_0022_0024_0024.jpg 1 67 22 24 24
0363_0046_0020_0046_0046.jpg 1 46 20 46 46
0364_0038_0011_0049_0049.jpg 1 38 11 49 49
0365_0014_0030_0044_0044.jpg 1 14 30 44 44
0366_0022_0013_0043_0043.jpg 1 22 13 43 43
0367_0032_0019_0030_0030.jpg 1 32 19 30 30
0368_0026_0045_0029_0029.jpg 1 26 45 29 29
0369_0038_0033_0038_0038.jpg 1 38 33 38 38
0370_0032_0026_0055_0055.jpg 1 32 26 55 55
0371_0016_0054_0026_0026.jpg 1 16 54 26 26
0372_0019_0003_0069_0069.jpg 1 19 3 69 69
0373_0033_0010_0030_0030.jpg 1 33 10 30 30
0374_0028_0015_0060_0060.jpg 1 28 15 60 60
0375_0020_0043_0051_0051.jpg 1 20 43 51 51
0376_0043_0038_0050_0050.jpg 1 43 38 50 50
0377_0033_0046_0031_0031.jpg 1 33 46 31 31
0378_0021_0042_0049_0049.jpg 1 21 42 49 49
0379_0036_0040_0053_0053.jpg 1 36 40 53 53
0380_0037_0008_0044_0044.jpg 1 37 8 44 44
0381_0051_0044_0034_0034.jpg 1 51 44 34 34
0382_0017_0021_0058_0058.jpg 1 17 21 58 58
0383_0015_0023_0059_0059.jpg 1 15 23 59 59
0384_0048_0020_0040_0040.jpg 1 48 20 40 40
0385_0010_0023_0061_0061.jpg 1 10 23 61 61
0386_0023_0014_0058_0058.jpg 1 23 14 58 58
0387_0023_0029_0030_0030.jpg 1 23 29 30 30
0388_0008_0021_0067_0067.jpg 1 8 21 67 67
0389_0020_0031_0036_0036.jpg 1 20 31 36 36
0390_0022_0012_0064_0064.jpg 1 22 12 64 64
0391_0025_0035_0045_0045.jpg 1 25 35 45 45
0392_0038_0029_0038_0038.jpg 1 38 29 38 38
0393_0031_0038_0050_0050.jpg 1 31 38 50 50
0394_0024_0014_0051_0051.jpg 1 24 14 51 51
0395_0013_0042_0052_0052.jpg 1 13 42 52 52
0396_0013_0038_0041_0041.jpg 1 13 38 41 41
0397_0031_0029_0059_0059.jpg 1 31 29 59 59
0398_0009_0014_0065_0065.jpg 1 9 14 65 65
0399_0034_0036_0059_0059.jpg 1 34 36 59 59
0400_0019_0024_0052_0052.jpg 1 19 24 52 52
0401_0037_0028_0027_0027.jpg 1 37 28 27 27
0402_0030_0021_0052_0052.jpg 1 30 21 52 52
0403_0056_0028_0027_0027.jpg 1 56 28 27 27
0404_0023_0013_0060_0060.jpg 1 23 13 60 60
0405_0060_0031_0031_0031.jpg 1 60 31 31 31
0406_0044_0055_0026_0026.jpg 1 44 55 26 26
0407_0021_0018_0038_0038.jpg 1 21 18 38 38
0408_0042_0052_0037_0037.jpg 1 42 52 37 37
0409_0038_0011_0048_0048.jpg 1 38 11 48 48
0410_0007_0035_0052_0052.jpg 1 7 35 52 52
0411_0033_0009_0024_0024.jpg 1 33 9 24 24
0412_0029_0029_0041_0041.jpg 1 29 29 41 41
0413_0012_0040_0029_0029.jpg 1 12 40 29 29
0414_0035_0008_0056_0056.jpg 1 35 8 56 56
0415_0042_0010_0029_0029.jpg 1 42 10 29 29
0416_0058_0009_0030_0030.jpg 1 58 9 30 30
0417_0031_0021_0044_0044.jpg 1 31 21 44 44
0418_0007_0027_0067_0067.jpg 1 7 27 67 67
0419_0031_0029_0047_0047.jpg 1 31 29 47 47
0420_0065_0049_0024_0024.jpg 1 65 49 24 24
0421_0019_0027_0064_0064.jpg 1 19 27 64 64
0422_0062_0036_0030_0030.jpg 1 62 36 30 30
0423_0007_0052_0035_0035.jpg 1 7 52 35 35
0424_0035_0022_0048_0048.jpg 1 35 22 48 48
0425_0037_0013_0036_0036.jpg 1 37 13 36 36
0426_0025_0020_0036_0036.jpg 1 25 20 36 36
0427_0026_0043_0027_0027.jpg 1 26 43 27 27
0428_0044_0039_0032_0032.jpg 1 44 39 32 32
0429_0022_0012_0036_0036.jpg 1 22 12 36 36
0430_0027_0021_0062_0062.jpg 1 27 21 62 62
0431_0022_0042_0053_0053.jpg 1 22 42 53 53
0432_0043_0022_0048_0048.jpg 1 43 22 48 48
0433_0048_0013_0044_0044.jpg 1 48 13 44 44
0434_0052_0006_0041_0041.jpg 1 52 6 41 41
0435_0012_0036_0045_0045.jpg 1 12 36 45 45
0436_0021_0013_0057_0057.jpg 1 21 13 57 57
0437_0007_0032_0052_0052.jpg 1 7 32 52 52
0438_0017_0012_0042_0042.jpg 1 17 12 42 42
0439_0034_0051_0030_0030.jpg 1 34 51 30 30
0440_0015_0028_0043_0043.jpg 1 15 28 43 43
0441_0037_0032_0043_0043.jpg 1 37 32 43 43
0442_0012_0042_0042_0042.jpg 1 12 42 42 42
0443_0019_0015_0064_0064.jpg 1 19 15 64 64
0444_0014_0016_0041_0041.jpg 1 14 16 41 41
0445_0012_0039_0039_0039.jpg 1 12 39 39 39
0446_0011_0019_0066_0066.jpg 1 11 19 66 66
0447_0017_0010_0058_0058.jpg 1 17 10 58 58
0448_0020_0017_0046_0046.jpg 1 20 17 46 46
0449_0008_0022_0038_0038.jpg 1 8 22 38 38
0450_0056_0024_0034_0034.jpg 1 56 24 34 34
0451_0032_0011_0055_0055.jpg 1 32 11 55 55
0452_0016_0032_0053_0053.jpg 1 16 32 53 53
0453_0010_0030_0065_0065.jpg 1 10 30 65 65
0454_0043_0028_0033_0033.jpg 1 43 28 33 33
0455_0026_0027_0055_0055.jpg 1 26 27 55 55
0456_0020_0028_0068_0068.jpg 1 20 28 68 68
0457_0010_0011_0039_0039.jpg 1 10 11 39 39
0458_0007_0022_0067_0067.jpg 1 7 22 67 67
0459_0028_0055_0035_0035.jpg 1 28 55 35 35
0460_0020_0021_0030_0030.jpg 1 20 21 30 30
0461_0057_0048_0035_0035.jpg 1 57 48 35 35
0462_0022_0016_0041_0041.jpg 1 22 16 41 41
0463_0034_0053_0036_0036.jpg 1 34 53 36 36
0464_0008_0024_0065_0065.jpg 1 8 24 65 65
0465_0007_0024_0050_0050.jpg 1 7 24 50 50
0466_0024_0028_0047_0047.jpg 1 24 28 47 47
0467_0044_0033_0049_0049.jpg 1 44 33 49 49
0468_0016_0022_0043_0043.jpg 1 16 22 43 43
0469_0014_0007_0063_0063.jpg 1 14 7 63 63
0470_0024_0025_0040_0040.jpg 1 24 25 40 40
0471_0052_0008_0041_0041.jpg 1 52 8 41 41
0472_0019_0010_0046_0046.jpg 1 19 10 46 46
0473_0014_0012_0027_0027.jpg 1 14 12 27 27
0474_0021_0038_0049_0049.jpg 1 21 38 49 49
0475_0017_0032_0031_0031.jpg 1 17 32 31 31
0476_0028_0043_0032_0032.jpg 1 28 43 32 32
0477_0048_0036_0045_0045.jpg 1 48 36 45 45
0478_0039_0041_0036_0036.jpg 1 39 41 36 36
0479_0015_0034_0048_0048.jpg 1 15 34 48 48
0480_0038_0027_0049_0049.jpg 1 38 27 49 49
0481_0021_0023_0026_0026.jpg 1 21 23 26 26
0482_0026_0021_0052_0052.jpg 1 26 21 52 52
0483_0024_0041_0043_0043.jpg 1 24 41 43 43
0484_0030_0008_0057_0057.jpg 1 30 8 57 57
0485_0011_0046_0027_0027.jpg 1 11 46 27 27
0486_0003_0021_0068_0068.jpg 1 3 21 68 68
0487_0037_0031_0043_0043.jpg 1 37 31 43 43
0488_0017_0034_0056_0056.jpg 1 17 34 56 56
0489_0028_0020_0034_0034.jpg 1 28 20 34 34
0490_0018_0020_0026_0026.jpg 1 18 20 26 26
0491_0032_0052_0039_0039.jpg 1 32 52 39 39
0492_0020_0013_0043_0043.jpg 1 20 13 43 43
0493_0010_0032_0059_0059.jpg 1 10 32 59 59
0494_0031_0024_0053_0053.jpg 1 31 24 53 53
0495_0020_0022_0043_0043.jpg 1 20 22 43 43
0496_0010_0028_0064_0064.jpg 1 10 28 64 64
0497_0027_0014_0034_0034.jpg 1 27 14 34 34
0498_0016_0014_0046_0046.jpg 1 16 14 46 46
0499_0030_0005_0046_0046.jpg 1 30 5 46 46
0500_0033_0011_0053_0053.jpg 1 33 11 53 53
0501_0040_0013_0050_0050.jpg 1 40 13 50 50
0502_0033_0006_0049_0049.jpg 1 33 6 49 49
0503_0011_0032_0031_0031.jpg 1 11 32 31 31
0504_0007_0048_0028_0028.jpg 1 7 48 28 28
0505_0008_0009_0045_0045.jpg 1 8 9 45 45
0506_0005_0018_0065_0065.jpg 1 5 18 65 65
0507_0045_0013_0031_0031.jpg 1 45 13 31 31
0508_0018_0034_0056_0056.jpg 1 18 34 56 56
0509_0033_0043_0046_0046.jpg 1 33 43 46 46
0510_0014_0003_0068_0068.jpg 1 14 3 68 68
0511_0008_0054_0037_0037.jpg 1 8 54 37 37
0512_0006_0025_0068_0068.jpg 1 6 25 68 68
0513_0048_0015_0040_0040.jpg 1 48 15 40 40
0514_0013_0024_0029_0029.jpg 1 13 24 29 29
0515_0009_0022_0067_0067.jpg 1 9 22 67 67
0516_0044_0006_0049_0049.jpg 1 44 6 49 49
0517_0021_0029_0044_0044.jpg 1 21 29 44 44
0518_0008_0013_0062_0062.jpg 1 8 13 62 62
0519_0010_0018_0056_0056.jpg 1 10 18 56 56
0520_0034_0032_0058_0058.jpg 1 34 32 58 58
0521_0007_0030_0059_0059.jpg 1 7 30 59 59
0522_0014_0035_0055_0055.jpg 1 14 35 55 55
0523_0018_0063_0028_0028.jpg 1 18 63 28 28
0524_0017_0005_0052_0052.jpg 1 17 5 52 52
0525_0030_0048_0043_0043.jpg 1 30 48 43 43
0526_0014_0033_0040_0040.jpg 1 14 33 40 40
0527_0017_0019_0047_0047.jpg 1 17 19 47 47
0528_0034_0009_0035_0035.jpg 1 34 9 35 35
0529_0040_0013_0049_0049.jpg 1 40 13 49 49
0530_0020_0031_0041_0041.jpg 1 20 31 41 41
0531_0007_0007_0068_0068.jpg 1 7 7 68 68
0532_0014_0019_0036_0036.jpg 1 14 19 36 36
0533_0038_0014_0043_0043.jpg 1 38 14 43 43
0534_0029_0036_0032_0032.jpg 1 29 36 32 32
0535_0014_0009_0065_0065.jpg 1 14 9 65 65
0536_0013_0004_0064_0064.jpg 1 13 4 64 64
0537_0031_0008_0024_0024.jpg 1 31 8 24 24
0538_0030_0044_0050_0050.jpg 1 30 44 50 50
0539_0010_0036_0056_0056.jpg 1 10 36 56 56
0540_0020_0018_0069_0069.jpg 1 20 18 69 69
0541_0034_0026_0060_0060.jpg 1 34 26 60 60
0542_0066_0020_0025_0025.jpg 1 66 20 25 25
0543_0062_0021_0025_0025.jpg 1 62 21 25 25
0544_0011_0042_0035_0035.jpg 1 11 42 35 35
0545_0061_0010_0031_0031.jpg 1 61 10 31 31
0546_0009_0008_0048_0048.jpg 1 9 8 48 48
0547_0014_0025_0065_0065.jpg 1 14 25 65 65
0548_0035_0030_0029_0029.jpg 1 35 30 29 29
0549_0006_0026_0067_0067.jpg 1 6 26 67 67
0550_0034_0026_0033_0033.jpg 1 34 26 33 33
0551_0049_0021_0043_0043.jpg 1 49 21 43 43
0552_0029_0008_0065_0065.jpg 1 29 8 65 65
0553_0017_0011_0060_0060.jpg 1 17 11 60 60
0554_0054_0027_0031_0031.jpg 1 54 27 31 31
0555_0025_0048_0041_0041.jpg 1 25 48 41 41
0556_0047_0055_0024_0024.jpg 1 47 55 24 24
0557_0016_0003_0063_0063.jpg 1 16 3 63 63
0558_0048_0041_0039_0039.jpg 1 48 41 39 39
0559_0010_0039_0031_0031.jpg 1 10 39 31 31
0560_0020_0010_0063_0063.jpg 1 20 10 63 63
0561_0035_0038_0052_0052.jpg 1 35 38 52 52
0562_0006_0033_0060_0060.jpg 1 6 33 60 60
0563_0041_0016_0053_0053.jpg 1 41 16 53 53
0564_0042_0049_0045_0045.jpg 1 42 49 45 45
0565_0047_0014_0029_0029.jpg 1 47 14 29 29
0566_0022_0052_0038_0038.jpg 1 22 52 38 38
0567_0038_0042_0027_0027.jpg 1 38 42 27 27
0568_0007_0021_0065_0065.jpg 1 7 21 65 65
0569_0047_0010_0033_0033.jpg 1 47 10 33 33
0570_0034_0051_0040_0040.jpg 1 34 51 40 40
0571_0014_0011_0027_0027.jpg 1 14 11 27 27
0572_0013_0011_0026_0026.jpg 1 13 11 26 26
0573_0011_0011_0045_0045.jpg 1 11 11 45 45
0574_0034_0025_0054_0054.jpg 1 34 25 54 54
0575_0023_0005_0063_0063.jpg 1 23 5 63 63
0576_0057_0025_0027_0027.jpg 1 57 25 27 27
0577_0012_0033_0060_0060.jpg 1 12 33 60 60
0578_0047_0007_0046_0046.jpg 1 47 7 46 46
0579_0032_0064_0025_0025.jpg 1 32 64 25 25
0580_0031_0048_0029_0029.jpg 1 31 48 29 29
0581_0041_0029_0041_0041.jpg 1 41 29 41 41
0582_0020_0011_0053_0053.jpg 1 20 11 53 53
0583_0034_0008_0034_0034.jpg 1 34 8 34 34
0584_0033_0023_0047_0047.jpg 1 33 23 47 47
0585_0016_0045_0039_0039.jpg 1 16 45 39 39
0586_0005_0025_0048_0048.jpg 1 5 25 48 48
0587_0005_0039_0051_0051.jpg 1 5 39 51 51
0588_0030_0028_0060_0060.jpg 1 30 28 60 60
0589_0015_0025_0046_0046.jpg 1 15 25 46 46
0590_0018_0023_0035_0035.jpg 1 18 23 35 35
0591_0007_0022_0066_0066.jpg 1 7 22 66 66
0592_0035_0009_0057_0057.jpg 1 35 9 57 57
0593_0013_0008_0069_0069.jpg 1 13 8 69 69
0594_0009_0028_0028_0028.jpg 1 9 28 28 28
0595_0008_0025_0059_0059.jpg 1 8 25 59 59
0596_0017_0012_0063_0063.jpg 1 17 12 63 63
0597_0006_0040_0054_0054.jpg 1 6 40 54 54
0598_0045_0050_0044_0044.jpg 1 45 50 44 44
0599_0011_0033_0061_0061.jpg 1 11 33 61 61
0600_0025_0019_0043_0043.jpg 1 25 19 43 43
0601_0015_0023_0043_0043.jpg 1 15 23 43 43
0602_0028_0014_0064_0064.jpg 1 28 14 64 64
0603_0041_0009_0043_0043.jpg 1 41 9 43 43
0604_0018_0014_0061_0061.jpg 1 18 14 61 61
0605_0021_0023_0048_0048.jpg 1 21 23 48 48
0606_0062_0031_0029_0029.jpg 1 62 31 29 29
0607_0011_0006_0062_0062.jpg 1 11 6 62 62
0608_0005_0030_0062_0062.jpg 1 5 30 62 62
0609_0012_0040_0044_0044.jpg 1 12 40 44 44
0610_0020_0047_0026_0026.jpg 1 20 47 26 26
0611_0026_0006_0054_0054.jpg 1 26 6 54 54
0612_0009_0035_0047_0047.jpg 1 9 35 47 47
0613_0004_0036_0059_0059.jpg 1 4 36 59 59
0614_0017_0039_0043_0043.jpg 1 17 39 43 43
0615_0019_0012_0029_0029.jpg 1 19 12 29 29
0616_0011_0030_0066_0066.jpg 1 11 30 66 66
0617_0054_0026_0028_0028.jpg 1 54 26 28 28
0618_0043_0028_0044_0044.jpg 1 43 28 44 44
0619_0026_0048_0036_0036.jpg 1 26 48 36 36
0620_0017_0030_0057_0057.jpg 1 17 30 57 57
0621_0006_0026_0050_0050.jpg 1 6 26 50 50
0622_0008_0035_0055_0055.jpg 1 8 35 55 55
0623_0016_0017_0068_0068.jpg 1 16 17 68 68
0624_0039_0017_0049_0049.jpg 1 39 17 49 49
0625_0035_0011_0052_0052.jpg 1 35 11 52 52
0626_0036_0034_0051_0051.jpg 1 36 34 51 51
0627_0051_0048_0038_0038.jpg 1 51 48 38 38
0628_0037_0024_0054_0054.jpg 1 37 24 54 54
0629_0028_0042_0027_0027.jpg 1 28 42 27 27
0630_0012_0025_0061_0061.jpg 1 12 25 61 61
0631_0029_0027_0061_0061.jpg 1 29 27 61 61
0632_0019_0048_0032_0032.jpg 1 19 48 32 32
0633_0038_0042_0036_0036.jpg 1 38 42 36 36
0634_0010_0040_0033_0033.jpg 1 10 40 33 33
0635_0021_0027_0032_0032.jpg 1 21 27 32 32
0636_0042_0005_0052_0052.jpg 1 42 5 52 52
0637_0018_0059_0024_0024.jpg 1 18 59 24 24
0638_0032_0028_0027_0027.jpg 1 32 28 27 27
0639_0056_0054_0037_0037.jpg 1 56 54 37 37
0640_0011_0032_0041_0041.jpg 1 11 32 41 41
0641_0024_0046_0030_0030.jpg 1 24 46 30 30
0642_0024_0042_0042_0042.jpg 1 24 42 42 42
0643_0010_0033_0062_0062.jpg 1 10 33 62 62
0644_0009_0032_0062_0062.jpg 1 9 32 62 62
0645_0014_0029_0058_0058.jpg 1 14 29 58 58
0646_0033_0050_0038_0038.jpg 1 33 50 38 38
0647_0005_0019_0056_0056.jpg 1 5 19 56 56
0648_0032_0014_0055_0055.jpg 1 32 14 55 55
0649_0029_0008_0051_0051.jpg 1 29 8 51 51
0650_0038_0033_0028_0028.jpg 1 38 33 28 28
0651_0009_0022_0027_0027.jpg 1 9 22 27 27
0652_0048_0063_0025_0025.jpg 1 48 63 25 25
0653_0030_0036_0045_0045.jpg 1 30 36 45 45
0654_0010_0023_0045_0045.jpg 1 10 23 45 45
0655_0021_0034_0051_0051.jpg 1 21 34 51 51
0656_0017_0003_0061_0061.jpg 1 17 3 61 61
0657_0004_0016_0064_0064.jpg 1 4 16 64 64
0658_0039_0028_0055_0055.jpg 1 39 28 55 55
0659_0028_0021_0043_0043.jpg 1 28 21 43 43
0660_0035_0025_0047_0047.jpg 1 35 25 47 47
0661_0017_0009_0057_0057.jpg 1 17 9 57 57
0662_0006_0028_0065_0065.jpg 1 6 28 65 65
0663_0041_0039_0046_0046.jpg 1 41 39 46 46
0664_0019_0053_0030_0030.jpg 1 19 53 30 30
0665_0007_0005_0066_0066.jpg 1 7 5 66 66
0666_0008_0027_0024_0024.jpg 1 8 27 24 24
0667_0010_0020_0064_0064.jpg 1 10 20 64 64
0668_0043_0044_0044_0044.jpg 1 43 44 44 44
0669_0024_0025_0063_0063.jpg 1 24 25 63 63
0670_0037_0037_0043_0043.jpg 1 37 37 43 43
0671_0042_0053_0026_0026.jpg 1 42 53 26 26
0672_0021_0019_0067_0067.jpg 1 21 19 67 67
0673_0048_0018_0036_0036.jpg 1 48 18 36 36
0674_0031_0046_0041_0041.jpg 1 31 46 41 41
0675_0038_0025_0050_0050.jpg 1 38 25 50 50
0676_0006_0018_0044_0044.jpg 1 6 18 44 44
0677_0033_0021_0053_0053.jpg 1 33 21 53 53
0678_0021_0034_0039_0039.jpg 1 21 34 39 39
0679_0048_0014_0033_0033.jpg 1 48 14 33 33
0680_0040_0057_0032_0032.jpg 1 40 57 32 32
0681_0010_0017_0040_0040.jpg 1 10 17 40 40
0682_0065_0021_0024_0024.jpg 1 65 21 24 24
0683_0003_0009_0067_0067.jpg 1 3 9 67 67
0684_0055_0009_0036_0036.jpg 1 55 9 36 36
0685_0021_0019_0065_0065.jpg 1 21 19 65 65
0686_0016_0035_0054_0054.jpg 1 16 35 54 54
0687_0037_0035_0053_0053.jpg 1 37 35 53 53
0688_0035_0005_0059_0059.jpg 1 35 5 59 59
0689_0014_0027_0051_0051.jpg 1 14 27 51 51
0690_0019_0018_0057_0057.jpg 1 19 18 57 57
0691_0029_0008_0048_0048.jpg 1 29 8 48 48
0692_0019_0005_0068_0068.jpg 1 19 5 68 68
0693_0008_0006_0058_0058.jpg 1 8 6 58 58
0694_0003_0017_0068_0068.jpg 1 3 17 68 68
0695_0025_0038_0051_0051.jpg 1 25 38 51 51
0696_0030_0045_0032_0032.jpg 1 30 45 32 32
0697_0030_0028_0060_0060.jpg 1 30 28 60 60
0698_0013_0008_0065_0065.jpg 1 13 8 65 65
0699_0052_0051_0032_0032.jpg 1 52 51 32 32
0700_0028_0011_0051_0051.jpg 1 28 11 51 51
0701_0013_0017_0043_0043.jpg 1 13 17 43 43
0702_0006_0043_0046_0046.jpg 1 6 43 46 46
0703_0038_0033_0047_0047.jpg 1 38 33 47 47
0704_0042_0035_0044_0044.jpg 1 42 35 44 44
0705_0020_0020_0029_0029.jpg 1 20 20 29 29
0706_0018_0020_0064_0064.jpg 1 18 20 64 64
0707_0015_0022_0032_0032.jpg 1 15 22 32 32
0708_0019_0014_0025_0025.jpg 1 19 14 25 25
0709_0007_0019_0063_0063.jpg 1 7 19 63 63
0710_0049_0031_0039_0039.jpg 1 49 31 39 39
0711_0047_0034_0044_0044.jpg 1 47 34 44 44
0712_0031_0024_0065_0065.jpg 1 31 24 65 65
0713_0022_0005_0042_0042.jpg 1 22 5 42 42
0714_0020_0051_0041_0041.jpg 1 20 51 41 41
0715_0032_0036_0027_0027.jpg 1 32 36 27 27
0716_0030_0026_0063_0063.jpg 1 30 26 63 63
0717_0007_0010_0036_0036.jpg 1 7 10 36 36
0718_0021_0036_0027_0027.jpg 1 21 36 27 27
0719_0030_0033_0055_0055.jpg 1 30 33 55 55
0720_0017_0018_0050_0050.jpg 1 17 18 50 50
0721_0058_0021_0025_0025.jpg 1 58 21 25 25
0722_0016_0011_0064_0064.jpg 1 16 11 64 64
0723_0043_0030_0038_0038.jpg 1 43 30 38 38
0724_0048_0008_0039_0039.jpg 1 48 8 39 39
0725_0006_0040_0043_0043.jpg 1 6 40 43 43
0726_0025_0060_0032_0032.jpg 1 25 60 32 32
0727_0023_0008_0052_0052.jpg 1 23 8 52 52
0728_0014_0022_0064_0064.jpg 1 14 22 64 64
0729_0012_0057_0035_0035.jpg 1 12 57 35 35
0730_0007_0009_0068_0068.jpg 1 7 9 68 68
0731_0007_0011_0053_0053.jpg 1 7 11 53 53
0732_0031_0025_0062_0062.jpg 1 31 25 62 62
0733_0041_0023_0053_0053.jpg 1 41 23 53 53
0734_0008_0031_0042_0042.jpg 1 8 31 42 42
0735_0005_0018_0068_0068.jpg 1 5 18 68 68
0736_0025_0025_0055_0055.jpg 1 25 25 55 55
0737_0009_0027_0038_0038.jpg 1 9 27 38 38
0738_0011_0029_0067_0067.jpg 1 11 29 67 67
0739_0027_0010_0069_0069.jpg 1 27 10 69 69
0740_0033_0008_0049_0049.jpg 1 33 8 49 49
0741_0006_0011_0042_0042.jpg 1 6 11 42 42
0742_0028_0038_0057_0057.jpg 1 28 38 57 57
0743_0027_0037_0047_0047.jpg 1 27 37 47 47
0744_0037_0036_0034_0034.jpg 1 37 36 34 34
0745_0009_0029_0035_0035.jpg 1 9 29 35 35
0746_0024_0051_0043_0043.jpg 1 24 51 43 43
0747_0034_0053_0035_0035.jpg 1 34 53 35 35
0748_0031_0007_0025_0025.jpg 1 31 7 25 25
0749_0029_0027_0059_0059.jpg 1 29 27 59 59
0750_0048_0029_0042_0042.jpg 1 48 29 42 42
0751_0056_0032_0035_0035.jpg 1 56 32 35 35
0752_0030_0008_0048_0048.jpg 1 30 8 48 48
0753_0017_0026_0034_0034.jpg 1 17 26 34 34
0754_0026_0028_0037_0037.jpg 1 26 28 37 37
0755_0050_0057_0026_0026.jpg 1 50 57 26 26
0756_0015_0011_0062_0062.jpg 1 15 11 62 62
0757_0028_0032_0056_0056.jpg 1 28 32 56 56
0758_0020_0015_0041_0041.jpg 1 20 15 41 41
0759_0031_0026_0054_0054.jpg 1 31 26 54 54
0760_0025_0017_0025_0025.jpg 1 25 17 25 25
0761_0016_0021_0062_0062.jpg 1 16 21 62 62
0762_0043_0008_0036_0036.jpg 1 43 8 36 36
0763_0014_0015_0039_0039.jpg 1 14 15 39 39
0764_0006_0023_0068_0068.jpg 1 6 23 68 68
0765_0029_0010_0062_0062.jpg 1 29 10 62 62
0766_0013_0041_0047_0047.jpg 1 13 41 47 47
0767_0007_0027_0065_0065.jpg 1 7 27 65 65
0768_0030_0020_0024_0024.jpg 1 30 20 24 24
0769_0032_0009_0057_0057.jpg 1 32 9 57 57
0770_0010_0029_0064_0064.jpg 1 10 29 64 64
0771_0025_0041_0040_0040.jpg 1 25 41 40 40
0772_0017_0047_0046_0046.jpg 1 17 47 46 46
0773_0019_0013_0066_0066.jpg 1 19 13 66 66
0774_0016_0030_0029_0029.jpg 1 16 30 29 29
0775_0060_0048_0030_0030.jpg 1 60 48 30 30
0776_0019_0027_0054_0054.jpg 1 19 27 54 54
0777_0019_0014_0065_0065.jpg 1 19 14 65 65
0778_0028_0009_0056_0056.jpg 1 28 9 56 56
0779_0022_0028_0054_0054.jpg 1 22 28 54 54
0780_0055_0059_0032_0032.jpg 1 55 59 32 32
0781_0008_0020_0063_0063.jpg 1 8 20 63 63
0782_0046_0029_0046_0046.jpg 1 46 29 46 46
0783_0035_0030_0057_0057.jpg 1 35 30 57 57
0784_0030_0053_0032_0032.jpg 1 30 53 32 32
0785_0007_0018_0038_0038.jpg 1 7 18 38 38
0786_0048_0028_0040_0040.jpg 1 48 28 40 40
0787_0025_0022_0060_0060.jpg 1 25 22 60 60
0788_0020_0027_0069_0069.jpg 1 20 27 69 69
0789_0035_0041_0044_0044.jpg 1 35 41 44 44
0790_0010_0040_0033_0033.jpg 1 10 40 33 33
0791_0024_0023_0058_0058.jpg 1 24 23 58 58
0792_0006_0033_0037_0037.jpg 1 6 33 37 37
0793_0019_0015_0062_0062.jpg 1 19 15 62 62
0794_0026_0050_0036_0036.jpg 1 26 50 36 36
0795_0029_0025_0067_0067.jpg 1 29 25 67 67
0796_0028_0033_0036_0036.jpg 1 28 33 36 36
0797_0023_0022_0067_0067.jpg 1 23 22 67 67
0798_0010_0026_0066_0066.jpg 1 10 26 66 66
0799_0039_0019_0026_0026.jpg 1 39 19 26 26
0800_0047_0010_0046_0046.jpg 1 47 10 46 46
0801_0036_0044_0040_0040.jpg 1 36 44 40 40
0802_0012_0015_0065_0065.jpg 1 12 15 65 65
0803_0012_0025_0055_0055.jpg 1 12 25 55 55
0804_0022_0033_0039_0039.jpg 1 22 33 39 39
0805_0020_0030_0063_0063.jpg 1 20 30 63 63
0806_0050_0019_0041_0041.jpg 1 50 19 41 41
0807_0010_0034_0034_0034.jpg 1 10 34 34 34
0808_0037_0035_0031_0031.jpg 1 37 35 31 31
0809_0011_0011_0060_0060.jpg 1 11 11 60 60
0810_0040_0045_0046_0046.jpg 1 40 45 46 46
0811_0004_0025_0054_0054.jpg 1 4 25 54 54
0812_0029_0056_0026_0026.jpg 1 29 56 26 26
0813_0014_0038_0036_0036.jpg 1 14 38 36 36
0814_0020_0038_0025_0025.jpg 1 20 38 25 25
0815_0008_0006_0068_0068.jpg 1 8 6 68 68
0816_0008_0009_0064_0064.jpg 1 8 9 64 64
0817_0024_0029_0056_0056.jpg 1 24 29 56 56
0818_0029_0031_0030_0030.jpg 1 29 31 30 30
0819_0047_0044_0046_0046.jpg 1 47 44 46 46
0820_0026_0025_0068_0068.jpg 1 26 25 68 68
0821_0036_0047_0027_0027.jpg 1 36 47 27 27
0822_0024_0021_0030_0030.jpg 1 24 21 30 30
0823_0006_0036_0052_0052.jpg 1 6 36 52 52
0824_0018_0043_0035_0035.jpg 1 18 43 35 35
0825_0058_0034_0026_0026.jpg 1 58 34 26 26
0826_0008_0016_0024_0024.jpg 1 8 16 24 24
0827_0058_0058_0024_0024.jpg 1 58 58 24 24
0828_0022_0009_0068_0068.jpg 1 22 9 68 68
0829_0031_0035_0052_0052.jpg 1 31 35 52 52
0830_0045_0051_0028_0028.jpg 1 45 51 28 28
0831_0036_0030_0024_0024.jpg 1 36 30 24 24
0832_0030_0037_0057_0057.jpg 1 30 37 57 57
0833_0022_0012_0030_0030.jpg 1 22 12 30 30
0834_0033_0039_0049_0049.jpg 1 33 39 49 49
0835_0031_0057_0025_0025.jpg 1 31 57 25 25
0836_0006_0026_0065_0065.jpg 1 6 26 65 65
0837_0038_0023_0027_0027.jpg 1 38 23 27 27
0838_0016_0011_0061_0061.jpg 1 16 11 61 61
0839_0018_0019_0055_0055.jpg 1 18 19 55 55
0840_0031_0030_0045_0045.jpg 1 31 30 45 45
0841_0010_0030_0032_0032.jpg 1 10 30 32 32
0842_0006_0037_0035_0035.jpg 1 6 37 35 35
0843_0059_0047_0027_0027.jpg 1 59 47 27 27
0844_0020_0005_0059_0059.jpg 1 20 5 59 59
0845_0026_0019_0036_0036.jpg 1 26 19 36 36
0846_0015_0024_0058_0058.jpg 1 15 24 58 58
0847_0038_0033_0044_0044.jpg 1 38 33 44 44
0848_0009_0003_0068_0068.jpg 1 9 3 68 68
0849_0007_0013_0061_0061.jpg 1 7 13 61 61
0850_0005_0015_0066_0066.jpg 1 5 15 66 66
0851_0061_0043_0030_0030.jpg 1 61 43 30 30
0852_0037_0011_0053_0053.jpg 1 37 11 53 53
0853_0005_0023_0065_0065.jpg 1 5 23 65 65
0854_0041_0034_0049_0049.jpg 1 41 34 49 49
0855_0017_0011_0061_0061.jpg 1 17 11 61 61
0856_0007_0040_0048_0048.jpg 1 7 40 48 48
0857_0036_0028_0054_0054.jpg 1 36 28 54 54
0858_0027_0005_0054_0054.jpg 1 27 5 54 54
0859_0034_0048_0029_0029.jpg 1 34 48 29 29
0860_0027_0023_0042_0042.jpg 1 27 23 42 42
0861_0005_0005_0066_0066.jpg 1 5 5 66 66
0862_0038_0021_0048_0048.jpg 1 38 21 48 48
0863_0037_0025_0054_0054.jpg 1 37 25 54 54
0864_0049_0019_0039_0039.jpg 1 49 19 39 39
0865_0047_0038_0042_0042.jpg 1 47 38 42 42
0866_0030_0038_0042_0042.jpg 1 30 38 42 42
0867_0024_0036_0028_0028.jpg 1 24 36 28 28
0868_0030_0006_0055_0055.jpg 1 30 6 55 55
0869_0022_0043_0033_0033.jpg 1 22 43 33 33
0870_0022_0029_0025_0025.jpg 1 22 29 25 25
0871_0025_0040_0024_0024.jpg 1 25 40 24 24
0872_0028_0039_0035_0035.jpg 1 28 39 35 35
0873_0058_0041_0024_0024.jpg 1 58 41 24 24
0874_0018_0027_0040_0040.jpg 1 18 27 40 40
0875_0026_0036_0052_0052.jpg 1 26 36 52 52
0876_0035_0040_0037_0037.jpg 1 35 40 37 37
0877_0056_0019_0030_0030.jpg 1 56 19 30 30
0878_0060_0037_0030_0030.jpg 1 60 37 30 30
0879_0031_0033_0041_0041.jpg 1 31 33 41 41
0880_0021_0036_0057_0057.jpg 1 21 36 57 57
0881_0018_0011_0052_0052.jpg 1 18 11 52 52
0882_0051_0058_0027_0027.jpg 1 51 58 27 27
0883_0042_0044_0035_0035.jpg 1 42 44 35 35
0884_0004_0016_0067_0067.jpg 1 4 16 67 67
0885_0038_0040_0034_0034.jpg 1 38 40 34 34
0886_0041_0019_0044_0044.jpg 1 41 19 44 44
0887_0016_0034_0049_0049.jpg 1 16 34 49 49
0888_0038_0036_0040_0040.jpg 1 38 36 40 40
0889_0012_0042_0033_0033.jpg 1 12 42 33 33
0890_0008_0044_0042_0042.jpg 1 8 44 42 42
0891_0010_0020_0067_0067.jpg 1 10 20 67 67
0892_0036_0021_0048_0048.jpg 1 36 21 48 48
0893_0052_0051_0034_0034.jpg 1 52 51 34 34
0894_0027_0019_0043_0043.jpg 1 27 19 43 43
0895_0027_0049_0039_0039.jpg 1 27 49 39 39
0896_0044_0062_0025_0025.jpg 1 44 62 25 25
0897_0007_0029_0051_0051.jpg 1 7 29 51 51
0898_0041_0030_0032_0032.jpg 1 41 30 32 32
0899_0004_0015_0065_0065.jpg 1 4 15 65 65
0900_0024_0043_0043_0043.jpg 1 24 43 43 43
0901_0023_0037_0040_0040.jpg 1 23 37 40 40
0902_0028_0060_0028_0028.jpg 1 28 60 28 28
0903_0041_0026_0043_0043.jpg 1 41 26 43 43
0904_0019_0008_0068_0068.jpg 1 19 8 68 68
0905_0047_0020_0028_0028.jpg 1 47 20 28 28
0906_0012_0012_0059_0059.jpg 1 12 12 59 59
0907_0030_0005_0061_0061.jpg 1 30 5 61 61
0908_0032_0028_0047_0047.jpg 1 32 28 47 47
0909_0011_0019_0055_0055.jpg 1 11 19 55 55
0910_0032_0019_0061_0061.jpg 1 32 19 61 61
0911_0054_0049_0035_0035.jpg 1 54 49 35 35
0912_0016_0029_0053_0053.jpg 1 16 29 53 53
0913_0042_0014_0051_0051.jpg 1 42 14 51 51
0914_0039_0053_0032_0032.jpg 1 39 53 32 32
0915_0023_0040_0043_0043.jpg 1 23 40 43 43
0916_0007_0028_0044_0044.jpg 1 7 28 44 44
0917_0042_0006_0047_0047.jpg 1 42 6 47 47
0918_0049_0019_0030_0030.jpg 1 49 19 30 30
0919_0012_0022_0049_0049.jpg 1 12 22 49 49
0920_0009_0028_0061_0061.jpg 1 9 28 61 61
0921_0009_0023_0051_0051.jpg 1 9 23 51 51
0922_0036_0028_0046_0046.jpg 1 36 28 46 46
0923_0026_0005_0067_0067.jpg 1 26 5 67 67
0924_0021_0024_0063_0063.jpg 1 21 24 63 63
0925_0017_0044_0043_0043.jpg 1 17 44 43 43
0926_0031_0031_0057_0057.jpg 1 31 31 57 57
0927_0052_0027_0033_0033.jpg 1 52 27 33 33
0928_0021_0020_0032_0032.jpg 1 21 20 32 32
0929_0006_0011_0050_0050.jpg 1 6 11 50 50
0930_0019_0023_0044_0044.jpg 1 19 23 44 44
0931_0008_0023_0041_0041.jpg 1 8 23 41 41
0932_0009_0037_0037_0037.jpg 1 9 37 37 37
0933_0043_0045_0032_0032.jpg 1 43 45 32 32
0934_0007_0014_0061_0061.jpg 1 7 14 61 61
0935_0037_0025_0054_0054.jpg 1 37 25 54 54
0936_0012_0011_0053_0053.jpg 1 12 11 53 53
0937_0021_0021_0065_0065.jpg 1 21 21 65 65
0938_0023_0020_0043_0043.jpg 1 23 20 43 43
0939_0019_0017_0033_0033.jpg 1 19 17 33 33
0940_0021_0023_0065_0065.jpg 1 21 23 65 65
0941_0040_0041_0042_0042.jpg 1 40 41 42 42
0942_0021_0014_0027_0027.jpg 1 21 14 27 27
0943_0032_0032_0059_0059.jpg 1 32 32 59 59
0944_0022_0037_0038_0038.jpg 1 22 37 38 38
0945_0023_0022_0059_0059.jpg 1 23 22 59 59
0946_0033_0010_0047_0047.jpg 1 33 10 47 47
0947_0014_0034_0059_0059.jpg 1 14 34 59 59
0948_0034_0060_0027_0027.jpg 1 34 60 27 27
0949_0044_0043_0042_0042.jpg 1 44 43 42 42
0950_0027_0032_0047_0047.jpg 1 27 32 47 47
0951_0020_0036_0058_0058.jpg 1 20 36 58 58
0952_0021_0018_0059_0059.jpg 1 21 18 59 59
0953_0023_0051_0034_0034.jpg 1 23 51 34 34
0954_0034_0021_0037_0037.jpg 1 34 21 37 37
0955_0047_0015_0038_0038.jpg 1 47 15 38 38
0956_0026_0030_0052_0052.jpg 1 26 30 52 52
0957_0014_0026_0055_0055.jpg 1 14 26 55 55
0958_0006_0013_0040_0040.jpg 1 6 13 40 40
0959_0029_0017_0031_0031.jpg 1 29 17 31 31
0960_0022_0031_0033_0033.jpg 1 22 31 33 33
0961_0009_0008_0064_0064.jpg 1 9 8 64 64
0962_0010_0013_0027_0027.jpg 1 10 13 27 27
0963_0005_0012_0066_0066.jpg 1 5 12 66 66
0964_0044_0019_0033_0033.jpg 1 44 19 33 33
0965_0034_0049_0025_0025.jpg 1 34 49 25 25
0966_0022_0022_0067_0067.jpg 1 22 22 67 67
0967_0029_0024_0048_0048.jpg 1 29 24 48 48
0968_0016_0012_0069_0069.jpg 1 16 12 69 69
0969_0030_0029_0024_0024.jpg 1 30 29 24 24
0970_0007_0024_0066_0066.jpg 1 7 24 66 66
0971_0028_0013_0039_0039.jpg 1 28 13 39 39
0972_0003_0016_0066_0066.jpg 1 3 16 66 66
0973_0034_0031_0039_0039.jpg 1 34 31 39 39
0974_0049_0011_0034_0034.jpg 1 49 11 34 34
0975_0033_0025_0063_0063.jpg 1 33 25 63 63
0976_0049_0031_0038_0038.jpg 1 49 31 38 38
0977_0040_0042_0044_0044.jpg 1 40 42 44 44
0978_0043_0038_0025_0025.jpg 1 43 38 25 25
0979_0004_0032_0061_0061.jpg 1 4 32 61 61
0980_0032_0034_0050_0050.jpg 1 32 34 50 50
0981_0032_0024_0055_0055.jpg 1 32 24 55 55
0982_0034_0014_0055_0055.jpg 1 34 14 55 55
0983_0047_0058_0026_0026.jpg 1 47 58 26 26
0984_0040_0023_0024_0024.jpg 1 40 23 24 24
0985_0031_0037_0031_0031.jpg 1 31 37 31 31
0986_0011_0008_0053_0053.jpg 1 11 8 53 53
0987_0016_0022_0066_0066.jpg 1 16 22 66 66
0988_0019_0013_0036_0036.jpg 1 19 13 36 36
0989_0011_0027_0067_0067.jpg 1 11 27 67 67
0990_0024_0038_0051_0051.jpg 1 24 38 51 51
0991_0009_0043_0044_0044.jpg 1 9 43 44 44
0992_0020_0049_0037_0037.jpg 1 20 49 37 37
0993_0034_0055_0024_0024.jpg 1 34 55 24 24
0994_0007_0013_0068_0068.jpg 1 7 13 68 68
0995_0008_0017_0055_0055.jpg 1 8 17 55 55
0996_0041_0044_0040_0040.jpg 1 41 44 40 40
0997_0004_0033_0053_0053.jpg 1 4 33 53 53
0998_0031_0042_0024_0024.jpg 1 31 42 24 24
0999_0033_0020_0059_0059.jpg 1 33 20 59 59
1000_0025_0003_0068_0068.jpg 1 25 3 68 68
1001_0018_0012_0067_0067.jpg 1 18 12 67 67
1002_0056_0048_0035_0035.jpg 1 56 48 35 35
1003_0018_0035_0053_0053.jpg 1 18 35 53 53
1004_0010_0023_0063_0063.jpg 1 10 23 63 63
1005_0005_0031_0065_0065.jpg 1 5 31 65 65
1006_0047_0045_0046_0046.jpg 1 47 45 46 46
1007_0019_0016_0067_0067.jpg 1 19 16 67 67
1008_0050_0036_0025_0025.jpg 1 50 36 25 25
1009_0011_0019_0064_0064.jpg 1 11 19 64 64
1010_0013_0043_0033_0033.jpg 1 13 43 33 33
1011_0022_0008_0064_0064.jpg 1 22 8 64 64
1012_0051_0015_0024_0024.jpg 1 51 15 24 24
1013_0051_0038_0040_0040.jpg 1 51 38 40 40
1014_0006_0008_0055_0055.jpg 1 6 8 55 55
1015_0017_0014_0065_0065.jpg 1 17 14 65 65
1016_0036_0023_0055_0055.jpg 1 36 23 55 55
1017_0025_0013_0065_0065.jpg 1 25 13 65 65
1018_0027_0052_0034_0034.jpg 1 27 52 34 34
1019_0019_0008_0036_0036.jpg 1 19 8 36 36
1020_0047_0056_0029_0029.jpg 1 47 56 29 29
1021_0056_0020_0037_0037.jpg 1 56 20 37 37
1022_0033_0033_0040_0040.jpg 1 33 33 40 40
1023_0042_0029_0035_0035.jpg 1 42 29 35 35
1024_0025_0020_0051_0051.jpg 1 25 20 51 51
1025_0019_0016_0034_0034.jpg 1 19 16 34 34
1026_0018_0018_0046_0046.jpg 1 18 18 46 46
1027_0025_0028_0063_0063.jpg 1 25 28 63 63
1028_0029_0050_0024_0024.jpg 1 29 50 24 24
1029_0044_0043_0051_0051.jpg 1 44 43 51 51
1030_0014_0024_0062_0062.jpg 1 14 24 62 62
1031_0032_0038_0048_0048.jpg 1 32 38 48 48
1032_0049_0042_0030_0030.jpg 1 49 42 30 30
1033_0016_0037_0042_0042.jpg 1 16 37 42 42
1034_0059_0061_0032_0032.jpg 1 59 61 32 32
1035_0006_0020_0043_0043.jpg 1 6 20 43 43
1036_0031_0060_0024_0024.jpg 1 31 60 24 24
1037_0052_0038_0039_0039.jpg 1 52 38 39 39
1038_0010_0028_0038_0038.jpg 1 10 28 38 38
1039_0007_0019_0065_0065.jpg 1 7 19 65 65
1040_0004_0004_0069_0069.jpg 1 4 4 69 69
1041_0016_0015_0055_0055.jpg 1 16 15 55 55
1042_0025_0024_0055_0055.jpg 1 25 24 55 55
1043_0022_0029_0067_0067.jpg 1 22 29 67 67
1044_0046_0064_0026_0026.jpg 1 46 64 26 26
1045_0027_0006_0067_0067.jpg 1 27 6 67 67
1046_0018_0027_0061_0061.jpg 1 18 27 61 61
1047_0045_0051_0031_0031.jpg 1 45 51 31 31
1048_0009_0024_0063_0063.jpg 1 9 24 63 63
1049_0013_0041_0051_0051.jpg 1 13 41 51 51
1050_0015_0028_0058_0058.jpg 1 15 28 58 58
1051_0020_0032_0063_0063.jpg 1 20 32 63 63
1052_0016_0008_0065_0065.jpg 1 16 8 65 65
1053_0010_0019_0067_0067.jpg 1 10 19 67 67
1054_0022_0033_0060_0060.jpg 1 22 33 60 60
1055_0053_0042_0031_0031.jpg 1 53 42 31 31
1056_0054_0044_0025_0025.jpg 1 54 44 25 25
1057_0037_0037_0055_0055.jpg 1 37 37 55 55
1058_0060_0039_0030_0030.jpg 1 60 39 30 30
1059_0028_0018_0038_0038.jpg 1 28 18 38 38
1060_0010_0004_0061_0061.jpg 1 10 4 61 61
1061_0026_0014_0059_0059.jpg 1 26 14 59 59
1062_0009_0020_0060_0060.jpg 1 9 20 60 60
1063_0015_0010_0038_0038.jpg 1 15 10 38 38
1064_0011_0008_0059_0059.jpg 1 11 8 59 59
1065_0004_0022_0058_0058.jpg 1 4 22 58 58
1066_0025_0049_0043_0043.jpg 1 25 49 43 43
1067_0053_0010_0038_0038.jpg 1 53 10 38 38
1068_0022_0027_0069_0069.jpg 1 22 27 69 69
1069_0039_0045_0031_0031.jpg 1 39 45 31 31
1070_0013_0010_0033_0033.jpg 1 13 10 33 33
1071_0009_0008_0062_0062.jpg 1 9 8 62 62
1072_0025_0050_0044_0044.jpg 1 25 50 44 44
1073_0012_0066_0024_0024.jpg 1 12 66 24 24
1074_0026_0022_0067_0067.jpg 1 26 22 67 67
1075_0036_0030_0033_0033.jpg 1 36 30 33 33
1076_0022_0037_0031_0031.jpg 1 22 37 31 31
1077_0014_0035_0043_0043.jpg 1 14 35 43 43
1078_0037_0021_0054_0054.jpg 1 37 21 54 54
1079_0042_0047_0031_0031.jpg 1 42 47 31 31
1080_0003_0009_0067_0067.jpg 1 3 9 67 67
1081_0010_0061_0026_0026.jpg 1 10 61 26 26
1082_0029_0016_0063_0063.jpg 1 29 16 63 63
1083_0053_0040_0036_0036.jpg 1 53 40 36 36
1084_0006_0008_0057_0057.jpg 1 6 8 57 57
1085_0027_0015_0053_0053.jpg 1 27 15 53 53
1086_0026_0027_0058_0058.jpg 1 26 27 58 58
1087_0043_0044_0047_0047.jpg 1 43 44 47 47
1088_0019_0063_0026_0026.jpg 1 19 63 26 26
1089_0017_0018_0062_0062.jpg 1 17 18 62 62
1090_0011_0007_0033_0033.jpg 1 11 7 33 33
1091_0012_0012_0060_0060.jpg 1 12 12 60 60
1092_0028_0046_0026_0026.jpg 1 28 46 26 26
1093_0011_0046_0043_0043.jpg 1 11 46 43 43
1094_0027_0012_0059_0059.jpg 1 27 12 59 59
1095_0013_0011_0063_0063.jpg 1 13 11 63 63
1096_0024_0005_0055_0055.jpg 1 24 5 55 55
1097_0004_0022_0058_0058.jpg 1 4 22 58 58
1098_0022_0041_0047_0047.jpg 1 22 41 47 47
1099_0014_0010_0036_0036.jpg 1 14 10 36 36
1100_0011_0038_0056_0056.jpg 1 11 38 56 56
1101_0049_0042_0040_0040.jpg 1 49 42 40 40
1102_0014_0007_0059_0059.jpg 1 14 7 59 59
1103_0030_0018_0048_0048.jpg 1 30 18 48 48
1104_0018_0012_0066_0066.jpg 1 18 12 66 66
1105_0055_0019_0025_0025.jpg 1 55 19 25 25
1106_0024_0028_0049_0049.jpg 1 24 28 49 49
1107_0019_0035_0059_0059.jpg 1 19 35 59 59
1108_0032_0021_0058_0058.jpg 1 32 21 58 58
1109_0008_0023_0052_0052.jpg 1 8 23 52 52
1110_0028_0048_0026_0026.jpg 1 28 48 26 26
1111_0018_0014_0061_0061.jpg 1 18 14 61 61
1112_0010_0037_0053_0053.jpg 1 10 37 53 53
1113_0011_0009_0033_0033.jpg 1 11 9 33 33
1114_0021_0056_0032_0032.jpg 1 21 56 32 32
1115_0035_0037_0046_0046.jpg 1 35 37 46 46
1116_0010_0028_0066_0066.jpg 1 10 28 66 66
1117_0048_0047_0041_0041.jpg 1 48 47 41 41
1118_0024_0021_0033_0033.jpg 1 24 21 33 33
1119_0016_0017_0048_0048.jpg 1 16 17 48 48
1120_0015_0014_0039_0039.jpg 1 15 14 39 39
1121_0017_0005_0068_0068.jpg 1 17 5 68 68
1122_0016_0007_0051_0051.jpg 1 16 7 51 51
1123_0014_0009_0055_0055.jpg 1 14 9 55 55
1124_0017_0014_0065_0065.jpg 1 17 14 65 65
1125_0044_0035_0041_0041.jpg 1 44 35 41 41
1126_0013_0019_0059_0059.jpg 1 13 19 59 59
1127_0056_0051_0032_0032.jpg 1 56 51 32 32
1128_0033_0029_0057_0057.jpg 1 33 29 57 57
1129_0028_0008_0059_0059.jpg 1 28 8 59 59
1130_0007_0051_0040_0040.jpg 1 7 51 40 40
1131_0049_0007_0038_0038.jpg 1 49 7 38 38
1132_0011_0005_0057_0057.jpg 1 11 5 57 57
1133_0054_0040_0027_0027.jpg 1 54 40 27 27
1134_0015_0011_0048_0048.jpg 1 15 11 48 48
1135_0020_0030_0040_0040.jpg 1 20 30 40 40
1136_0013_0013_0043_0043.jpg 1 13 13 43 43
1137_0008_0013_0068_0068.jpg 1 8 13 68 68
1138_0007_0020_0060_0060.jpg 1 7 20 60 60
1139_0015_0032_0037_0037.jpg 1 15 32 37 37
1140_0064_0030_0024_0024.jpg 1 64 30 24 24
1141_0006_0009_0057_0057.jpg 1 6 9 57 57
1142_0006_0013_0040_0040.jpg 1 6 13 40 40
1143_0025_0016_0059_0059.jpg 1 25 16 59 59
1144_0046_0016_0039_0039.jpg 1 46 16 39 39
1145_0044_0047_0041_0041.jpg 1 44 47 41 41
1146_0007_0039_0031_0031.jpg 1 7 39 31 31
1147_0061_0014_0029_0029.jpg 1 61 14 29 29
1148_0019_0037_0037_0037.jpg 1 19 37 37 37
1149_0014_0008_0056_0056.jpg 1 14 8 56 56
1150_0056_0027_0028_0028.jpg 1 56 27 28 28
1151_0040_0026_0050_0050.jpg 1 40 26 50 50
1152_0023_0032_0055_0055.jpg 1 23 32 55 55
1153_0030_0020_0058_0058.jpg 1 30 20 58 58
1154_0032_0017_0056_0056.jpg 1 32 17 56 56
1155_0050_0038_0035_0035.jpg 1 50 38 35 35
1156_0018_0047_0031_0031.jpg 1 18 47 31 31
1157_0042_0011_0031_0031.jpg 1 42 11 31 31
1158_0006_0030_0065_0065.jpg 1 6 30 65 65
1159_0006_0021_0053_0053.jpg 1 6 21 53 53
1160_0004_0028_0064_0064.jpg 1 4 28 64 64
1161_0008_0010_0061_0061.jpg 1 8 10 61 61
1162_0058_0060_0024_0024.jpg 1 58 60 24 24
1163_0026_0005_0068_0068.jpg 1 26 5 68 68
1164_0004_0021_0055_0055.jpg 1 4 21 55 55
1165_0023_0028_0063_0063.jpg 1 23 28 63 63
1166_0039_0047_0025_0025.jpg 1 39 47 25 25
1167_0021_0005_0069_0069.jpg 1 21 5 69 69
1168_0037_0029_0038_0038.jpg 1 37 29 38 38
1169_0037_0021_0058_0058.jpg 1 37 21 58 58
1170_0010_0012_0026_0026.jpg 1 10 12 26 26
1171_0049_0012_0030_0030.jpg 1 49 12 30 30
1172_0010_0009_0057_0057.jpg 1 10 9 57 57
1173_0024_0029_0052_0052.jpg 1 24 29 52 52
1174_0023_0027_0056_0056.jpg 1 23 27 56 56
1175_0036_0044_0038_0038.jpg 1 36 44 38 38
1176_0030_0019_0054_0054.jpg 1 30 19 54 54
1177_0004_0012_0067_0067.jpg 1 4 12 67 67
1178_0022_0028_0055_0055.jpg 1 22 28 55 55
1179_0023_0004_0068_0068.jpg 1 23 4 68 68
1180_0065_0009_0024_0024.jpg 1 65 9 24 24
1181_0018_0033_0026_0026.jpg 1 18 33 26 26
1182_0030_0029_0038_0038.jpg 1 30 29 38 38
1183_0033_0029_0051_0051.jpg 1 33 29 51 51
1184_0006_0044_0044_0044.jpg 1 6 44 44 44
1185_0035_0029_0031_0031.jpg 1 35 29 31 31
1186_0015_0027_0034_0034.jpg 1 15 27 34 34
1187_0037_0017_0047_0047.jpg 1 37 17 47 47
1188_0044_0038_0030_0030.jpg 1 44 38 30 30
1189_0047_0062_0027_0027.jpg 1 47 62 27 27
1190_0058_0034_0032_0032.jpg 1 58 34 32 32
1191_0026_0007_0063_0063.jpg 1 26 7 63 63
1192_0039_0022_0033_0033.jpg 1 39 22 33 33
1193_0038_0018_0032_0032.jpg 1 38 18 32 32
1194_0016_0039_0048_0048.jpg 1 16 39 48 48
1195_0038_0037_0036_0036.jpg 1 38 37 36 36
1196_0034_0045_0038_0038.jpg 1 34 45 38 38
1197_0025_0030_0066_0066.jpg 1 25 30 66 66
1198_0025_0043_0033_0033.jpg 1 25 43 33 33
1199_0011_0016_0065_0065.jpg 1 11 16 65 65
1200_0048_0026_0046_0046.jpg 1 48 26 46 46
1201_0015_0026_0040_0040.jpg 1 15 26 40 40
1202_0004_0018_0061_0061.jpg 1 4 18 61 61
1203_0015_0010_0052_0052.jpg 1 15 10 52 52
1204_0039_0020_0055_0055.jpg 1 39 20 55 55
1205_0020_0055_0032_0032.jpg 1 20 55 32 32
1206_0010_0030_0064_0064.jpg 1 10 30 64 64
1207_0016_0040_0025_0025.jpg 1 16 40 25 25
1208_0012_0020_0029_0029.jpg 1 12 20 29 29
1209_0038_0024_0055_0055.jpg 1 38 24 55 55
1210_0020_0058_0027_0027.jpg 1 20 58 27 27
1211_0027_0029_0060_0060.jpg 1 27 29 60 60
1212_0020_0017_0062_0062.jpg 1 20 17 62 62
1213_0058_0034_0026_0026.jpg 1 58 34 26 26
1214_0030_0038_0050_0050.jpg 1 30 38 50 50
1215_0051_0057_0034_0034.jpg 1 51 57 34 34
1216_0008_0021_0059_0059.jpg 1 8 21 59 59
1217_0007_0007_0062_0062.jpg 1 7 7 62 62
1218_0005_0029_0065_0065.jpg 1 5 29 65 65
1219_0038_0046_0026_0026.jpg 1 38 46 26 26
1220_0038_0039_0030_0030.jpg 1 38 39 30 30
1221_0022_0016_0065_0065.jpg 1 22 16 65 65
1222_0012_0032_0036_0036.jpg 1 12 32 36 36
1223_0019_0028_0050_0050.jpg 1 19 28 50 50
1224_0020_0047_0046_0046.jpg 1 20 47 46 46
1225_0046_0036_0025_0025.jpg 1 46 36 25 25
1226_0054_0043_0033_0033.jpg 1 54 43 33 33
1227_0023_0050_0035_0035.jpg 1 23 50 35 35
1228_0037_0023_0054_0054.jpg 1 37 23 54 54
1229_0010_0064_0025_0025.jpg 1 10 64 25 25
1230_0010_0030_0054_0054.jpg 1 10 30 54 54
1231_0006_0035_0035_0035.jpg 1 6 35 35 35
1232_0011_0039_0045_0045.jpg 1 11 39 45 45
1233_0031_0021_0044_0044.jpg 1 31 21 44 44
1234_0049_0018_0040_0040.jpg 1 49 18 40 40
1235_0037_0043_0040_0040.jpg 1 37 43 40 40
1236_0055_0015_0033_0033.jpg 1 55 15 33 33
1237_0061_0056_0029_0029.jpg 1 61 56 29 29
1238_0011_0016_0058_0058.jpg 1 11 16 58 58
1239_0050_0028_0042_0042.jpg 1 50 28 42 42
1240_0026_0007_0067_0067.jpg 1 26 7 67 67
1241_0033_0051_0036_0036.jpg 1 33 51 36 36
1242_0019_0034_0028_0028.jpg 1 19 34 28 28
1243_0025_0042_0039_0039.jpg 1 25 42 39 39
1244_0011_0020_0054_0054.jpg 1 11 20 54 54
1245_0012_0024_0055_0055.jpg 1 12 24 55 55
1246_0025_0038_0047_0047.jpg 1 25 38 47 47
1247_0038_0035_0044_0044.jpg 1 38 35 44 44
1248_0046_0044_0048_0048.jpg 1 46 44 48 48
1249_0026_0012_0069_0069.jpg 1 26 12 69 69
1250_0011_0011_0055_0055.jpg 1 11 11 55 55
1251_0018_0019_0059_0059.jpg 1 18 19 59 59
1252_0038_0041_0024_0024.jpg 1 38 41 24 24
1253_0014_0031_0050_0050.jpg 1 14 31 50 50
1254_0049_0022_0037_0037.jpg 1 49 22 37 37
1255_0013_0021_0032_0032.jpg 1 13 21 32 32
1256_0012_0016_0054_0054.jpg 1 12 16 54 54
1257_0043_0031_0024_0024.jpg 1 43 31 24 24
1258_0031_0028_0035_0035.jpg 1 31 28 35 35
1259_0044_0053_0028_0028.jpg 1 44 53 28 28
1260_0006_0003_0069_0069.jpg 1 6 3 69 69
1261_0021_0007_0061_0061.jpg 1 21 7 61 61
1262_0022_0011_0044_0044.jpg 1 22 11 44 44
1263_0033_0024_0041_0041.jpg 1 33 24 41 41
1264_0005_0043_0047_0047.jpg 1 5 43 47 47
1265_0064_0052_0027_0027.jpg 1 64 52 27 27
1266_0057_0052_0034_0034.jpg 1 57 52 34 34
1267_0045_0043_0037_0037.jpg 1 45 43 37 37
1268_0017_0006_0058_0058.jpg 1 17 6 58 58
1269_0021_0008_0048_0048.jpg 1 21 8 48 48
1270_0017_0009_0056_0056.jpg 1 17 9 56 56
1271_0029_0006_0060_0060.jpg 1 29 6 60 60
1272_0024_0016_0063_0063.jpg 1 24 16 63 63
1273_0031_0032_0061_0061.jpg 1 31 32 61 61
1274_0054_0009_0024_0024.jpg 1 54 9 24 24
1275_0022_0016_0057_0057.jpg 1 22 16 57 57
1276_0029_0037_0050_0050.jpg 1 29 37 50 50
1277_0019_0031_0034_0034.jpg 1 19 31 34 34
1278_0011_0006_0062_0062.jpg 1 11 6 62 62
1279_0021_0033_0061_0061.jpg 1 21 33 61 61
1280_0011_0024_0065_0065.jpg 1 11 24 65 65
1281_0023_0027_0060_0060.jpg 1 23 27 60 60
1282_0024_0006_0062_0062.jpg 1 24 6 62 62
1283_0011_0009_0045_0045.jpg 1 11 9 45 45
1284_0010_0065_0024_0024.jpg 1 10 65 24 24
1285_0005_0016_0058_0058.jpg 1 5 16 58 58
1286_0031_0015_0036_0036.jpg 1 31 15 36 36
1287_0046_0009_0029_0029.jpg 1 46 9 29 29
1288_0028_0015_0055_0055.jpg 1 28 15 55 55
1289_0026_0026_0048_0048.jpg 1 26 26 48 48
1290_0041_0054_0027_0027.jpg 1 41 54 27 27
1291_0053_0027_0031_0031.jpg 1 53 27 31 31
1292_0037_0047_0040_0040.jpg 1 37 47 40 40
1293_0044_0042_0035_0035.jpg 1 44 42 35 35
1294_0033_0035_0059_0059.jpg 1 33 35 59 59
1295_0003_0026_0068_0068.jpg 1 3 26 68 68
1296_0023_0029_0032_0032.jpg 1 23 29 32 32
1297_0045_0035_0038_0038.jpg 1 45 35 38 38
1298_0022_0059_0028_0028.jpg 1 22 59 28 28
1299_0029_0027_0051_0051.jpg 1 29 27 51 51
1300_0042_0012_0027_0027.jpg 1 42 12 27 27
1301_0048_0052_0024_0024.jpg 1 48 52 24 24
1302_0039_0027_0032_0032.jpg 1 39 27 32 32
1303_0019_0004_0067_0067.jpg 1 19 4 67 67
1304_0047_0019_0038_0038.jpg 1 47 19 38 38
1305_0023_0008_0065_0065.jpg 1 23 8 65 65
1306_0029_0007_0066_0066.jpg 1 29 7 66 66
1307_0021_0031_0056_0056.jpg 1 21 31 56 56
1308_0004_0011_0060_0060.jpg 1 4 11 60 60
1309_0018_0010_0046_0046.jpg 1 18 10 46 46
1310_0037_0037_0043_0043.jpg 1 37 37 43 43
1311_0045_0006_0043_0043.jpg 1 45 6 43 43
1312_0056_0025_0031_0031.jpg 1 56 25 31 31
1313_0005_0040_0047_0047.jpg 1 5 40 47 47
1314_0034_0022_0041_0041.jpg 1 34 22 41 41
1315_0057_0040_0032_0032.jpg 1 57 40 32 32
1316_0028_0042_0031_0031.jpg 1 28 42 31 31
1317_0024_0059_0025_0025.jpg 1 24 59 25 25
1318_0022_0042_0045_0045.jpg 1 22 42 45 45
1319_0046_0036_0041_0041.jpg 1 46 36 41 41
1320_0007_0007_0062_0062.jpg 1 7 7 62 62
1321_0014_0013_0064_0064.jpg 1 14 13 64 64
1322_0023_0022_0061_0061.jpg 1 23 22 61 61
1323_0043_0012_0034_0034.jpg 1 43 12 34 34
1324_0015_0010_0059_0059.jpg 1 15 10 59 59
1325_0016_0021_0068_0068.jpg 1 16 21 68 68
1326_0031_0026_0062_0062.jpg 1 31 26 62 62
1327_0010_0055_0036_0036.jpg 1 10 55 36 36
1328_0013_0042_0052_0052.jpg 1 13 42 52 52
1329_0025_0015_0069_0069.jpg 1 25 15 69 69
1330_0030_0052_0036_0036.jpg 1 30 52 36 36
1331_0056_0008_0024_0024.jpg 1 56 8 24 24
1332_0022_0005_0053_0053.jpg 1 22 5 53 53
1333_0018_0008_0048_0048.jpg 1 18 8 48 48
1334_0034_0026_0054_0054.jpg 1 34 26 54 54
1335_0031_0065_0025_0025.jpg 1 31 65 25 25
1336_0044_0041_0033_0033.jpg 1 44 41 33 33
1337_0012_0007_0058_0058.jpg 1 12 7 58 58
1338_0032_0025_0056_0056.jpg 1 32 25 56 56
1339_0039_0036_0035_0035.jpg 1 39 36 35 35
1340_0017_0015_0049_0049.jpg 1 17 15 49 49
1341_0026_0043_0041_0041.jpg 1 26 43 41 41
1342_0036_0040_0039_0039.jpg 1 36 40 39 39
1343_0035_0029_0042_0042.jpg 1 35 29 42 42
1344_0006_0022_0060_0060.jpg 1 6 22 60 60
1345_0024_0018_0048_0048.jpg 1 24 18 48 48
1346_0028_0029_0036_0036.jpg 1 28 29 36 36
1347_0011_0037_0054_0054.jpg 1 11 37 54 54
1348_0026_0034_0055_0055.jpg 1 26 34 55 55
1349_0021_0042_0047_0047.jpg 1 21 42 47 47
1350_0032_0028_0025_0025.jpg 1 32 28 25 25
1351_0014_0030_0048_0048.jpg 1 14 30 48 48
1352_0039_0028_0040_0040.jpg 1 39 28 40 40
1353_0024_0032_0060_0060.jpg 1 24 32 60 60
1354_0033_0016_0056_0056.jpg 1 33 16 56 56
1355_0005_0024_0067_0067.jpg 1 5 24 67 67
1356_0023_0032_0063_0063.jpg 1 23 32 63 63
1357_0009_0023_0056_0056.jpg 1 9 23 56 56
1358_0015_0015_0062_0062.jpg 1 15 15 62 62
1359_0016_0024_0055_0055.jpg 1 16 24 55 55
1360_0007_0006_0050_0050.jpg 1 7 6 50 50
1361_0021_0011_0038_0038.jpg 1 21 11 38 38
1362_0023_0035_0059_0059.jpg 1 23 35 59 59
1363_0034_0025_0054_0054.jpg 1 34 25 54 54
1364_0026_0017_0066_0066.jpg 1 26 17 66 66
1365_0037_0060_0025_0025.jpg 1 37 60 25 25
1366_0022_0032_0044_0044.jpg 1 22 32 44 44
1367_0035_0031_0028_0028.jpg 1 35 31 28 28
1368_0043_0023_0038_0038.jpg 1 43 23 38 38
1369_0015_0025_0054_0054.jpg 1 15 25 54 54
1370_0021_0025_0045_0045.jpg 1 21 25 45 45
1371_0015_0014_0036_0036.jpg 1 15 14 36 36
1372_0021_0031_0027_0027.jpg 1 21 31 27 27
1373_0055_0014_0030_0030.jpg 1 55 14 30 30
1374_0017_0023_0066_0066.jpg 1 17 23 66 66
1375_0045_0018_0039_0039.jpg 1 45 18 39 39
1376_0020_0029_0028_0028.jpg 1 20 29 28 28
1377_0040_0008_0033_0033.jpg 1 40 8 33 33
1378_0032_0036_0054_0054.jpg 1 32 36 54 54
1379_0032_0012_0064_0064.jpg 1 32 12 64 64
1380_0043_0017_0048_0048.jpg 1 43 17 48 48
1381_0052_0029_0031_0031.jpg 1 52 29 31 31
1382_0011_0026_0066_0066.jpg 1 11 26 66 66
1383_0010_0038_0042_0042.jpg 1 10 38 42 42
1384_0051_0045_0035_0035.jpg 1 51 45 35 35
1385_0004_0033_0052_0052.jpg 1 4 33 52 52
1386_0014_0034_0036_0036.jpg 1 14 34 36 36
1387_0040_0023_0053_0053.jpg 1 40 23 53 53
1388_0038_0017_0047_0047.jpg 1 38 17 47 47
1389_0017_0007_0069_0069.jpg 1 17 7 69 69
1390_0006_0012_0065_0065.jpg 1 6 12 65 65
1391_0022_0008_0069_0069.jpg 1 22 8 69 69
1392_0011_0031_0060_0060.jpg 1 11 31 60 60
1393_0012_0019_0069_0069.jpg 1 12 19 69 69
1394_0012_0058_0025_0025.jpg 1 12 58 25 25
1395_0009_0020_0047_0047.jpg 1 9 20 47 47
1396_0007_0045_0041_0041.jpg 1 7 45 41 41
1397_0039_0046_0041_0041.jpg 1 39 46 41 41
1398_0026_0022_0059_0059.jpg 1 26 22 59 59
1399_0041_0024_0038_0038.jpg 1 41 24 38 38
1400_0019_0029_0030_0030.jpg 1 19 29 30 30
1401_0011_0014_0024_0024.jpg 1 11 14 24 24
1402_0006_0007_0063_0063.jpg 1 6 7 63 63
1403_0041_0042_0030_0030.jpg 1 41 42 30 30
1404_0009_0006_0046_0046.jpg 1 9 6 46 46
1405_0022_0017_0039_0039.jpg 1 22 17 39 39
1406_0013_0054_0029_0029.jpg 1 13 54 29 29
1407_0016_0013_0047_0047.jpg 1 16 13 47 47
1408_0013_0014_0067_0067.jpg 1 13 14 67 67
1409_0013_0016_0041_0041.jpg 1 13 16 41 41
1410_0044_0050_0032_0032.jpg 1 44 50 32 32
1411_0008_0024_0065_0065.jpg 1 8 24 65 65
1412_0044_0018_0044_0044.jpg 1 44 18 44 44
1413_0023_0020_0043_0043.jpg 1 23 20 43 43
1414_0061_0011_0026_0026.jpg 1 61 11 26 26
1415_0046_0034_0040_0040.jpg 1 46 34 40 40
1416_0016_0028_0046_0046.jpg 1 16 28 46 46
1417_0032_0045_0040_0040.jpg 1 32 45 40 40
1418_0046_0031_0047_0047.jpg 1 46 31 47 47
1419_0018_0035_0060_0060.jpg 1 18 35 60 60
1420_0061_0014_0030_0030.jpg 1 61 14 30 30
1421_0028_0050_0036_0036.jpg 1 28 50 36 36
1422_0039_0007_0039_0039.jpg 1 39 7 39 39
1423_0016_0007_0067_0067.jpg 1 16 7 67 67
1424_0029_0021_0029_0029.jpg 1 29 21 29 29
1425_0013_0025_0062_0062.jpg 1 13 25 62 62
1426_0024_0022_0069_0069.jpg 1 24 22 69 69
1427_0006_0021_0056_0056.jpg 1 6 21 56 56
1428_0012_0014_0063_0063.jpg 1 12 14 63 63
1429_0017_0033_0027_0027.jpg 1 17 33 27 27
1430_0018_0036_0057_0057.jpg 1 18 36 57 57
1431_0013_0009_0068_0068.jpg 1 13 9 68 68
1432_0030_0024_0060_0060.jpg 1 30 24 60 60
1433_0033_0011_0024_0024.jpg 1 33 11 24 24
1434_0031_0023_0025_0025.jpg 1 31 23 25 25
1435_0023_0011_0043_0043.jpg 1 23 11 43 43
1436_0026_0027_0055_0055.jpg 1 26 27 55 55
1437_0010_0013_0038_0038.jpg 1 10 13 38 38
1438_0046_0015_0039_0039.jpg 1 46 15 39 39
1439_0008_0007_0047_0047.jpg 1 8 7 47 47
1440_0038_0021_0030_0030.jpg 1 38 21 30 30
1441_0004_0015_0066_0066.jpg 1 4 15 66 66
1442_0004_0014_0060_0060.jpg 1 4 14 60 60
1443_0041_0062_0026_0026.jpg 1 41 62 26 26
1444_0021_0027_0069_0069.jpg 1 21 27 69 69
1445_0056_0034_0035_0035.jpg 1 56 34 35 35
1446_0050_0060_0026_0026.jpg 1 50 60 26 26
1447_0019_0023_0059_0059.jpg 1 19 23 59 59
1448_0033_0027_0063_0063.jpg 1 33 27 63 63
1449_0009_0028_0024_0024.jpg 1 9 28 24 24
1450_0022_0054_0035_0035.jpg 1 22 54 35 35
1451_0043_0054_0039_0039.jpg 1 43 54 39 39
1452_0018_0029_0053_0053.jpg 1 18 29 53 53
1453_0024_0024_0069_0069.jpg 1 24 24 69 69
1454_0030_0036_0059_0059.jpg 1 30 36 59 59
1455_0021_0029_0060_0060.jpg 1 21 29 60 60
1456_0006_0046_0047_0047.jpg 1 6 46 47 47
1457_0030_0045_0035_0035.jpg 1 30 45 35 35
1458_0024_0009_0050_0050.jpg 1 24 9 50 50
1459_0036_0041_0025_0025.jpg 1 36 41 25 25
1460_0018_0023_0064_0064.jpg 1 18 23 64 64
1461_0031_0013_0046_0046.jpg 1 31 13 46 46
1462_0023_0004_0064_0064.jpg 1 23 4 64 64
1463_0032_0010_0044_0044.jpg 1 32 10 44 44
1464_0014_0004_0068_0068.jpg 1 14 4 68 68
1465_0020_0015_0055_0055.jpg 1 20 15 55 55
1466_0009_0015_0044_0044.jpg 1 9 15 44 44
1467_0020_0016_0063_0063.jpg 1 20 16 63 63
1468_0016_0043_0047_0047.jpg 1 16 43 47 47
1469_0033_0031_0027_0027.jpg 1 33 31 27 27
1470_0041_0028_0041_0041.jpg 1 41 28 41 41
1471_0030_0024_0035_0035.jpg 1 30 24 35 35
1472_0014_0025_0033_0033.jpg 1 14 25 33 33
1473_0027_0017_0067_0067.jpg 1 27 17 67 67
1474_0039_0029_0030_0030.jpg 1 39 29 30 30
1475_0034_0016_0041_0041.jpg 1 34 16 41 41
1476_0059_0008_0027_0027.jpg 1 59 8 27 27
1477_0050_0023_0024_0024.jpg 1 50 23 24 24
1478_0049_0029_0030_0030.jpg 1 49 29 30 30
1479_0025_0005_0050_0050.jpg 1 25 5 50 50
1480_0039_0046_0040_0040.jpg 1 39 46 40 40
1481_0023_0007_0069_0069.jpg 1 23 7 69 69
1482_0016_0011_0034_0034.jpg 1 16 11 34 34
1483_0021_0024_0046_0046.jpg 1 21 24 46 46
1484_0045_0014_0030_0030.jpg 1 45 14 30 30
1485_0019_0050_0037_0037.jpg 1 19 50 37 37
1486_0056_0047_0028_0028.jpg 1 56 47 28 28
1487_0011_0009_0057_0057.jpg 1 11 9 57 57
1488_0033_0023_0061_0061.jpg 1 33 23 61 61
1489_0031_0057_0026_0026.jpg 1 31 57 26 26
1490_0030_0018_0065_0065.jpg 1 30 18 65 65
1491_0006_0016_0067_0067.jpg 1 6 16 67 67
1492_0020_0021_0058_0058.jpg 1 20 21 58 58
1493_0020_0006_0069_0069.jpg 1 20 6 69 69
1494_0043_0033_0032_0032.jpg 1 43 33 32 32
1495_0010_0008_0066_0066.jpg 1 10 8 66 66
1496_0015_0018_0049_0049.jpg 1 15 18 49 49
1497_0013_0027_0060_0060.jpg 1 13 27 60 60
1498_0027_0039_0054_0054.jpg 1 27 39 54 54
1499_0009_0010_0064_0064.jpg 1 9 10 64 64
1500_0060_0038_0029_0029.jpg 1 60 38 29 29
1501_0028_0023_0038_0038.jpg 1 28 23 38 38
1502_0013_0037_0051_0051.jpg 1 13 37 51 51
1503_0011_0028_0037_0037.jpg 1 11 28 37 37
1504_0016_0039_0031_0031.jpg 1 16 39 31 31
1505_0024_0032_0042_0042.jpg 1 24 32 42 42
1506_0044_0023_0050_0050.jpg 1 44 23 50 50
1507_0024_0013_0031_0031.jpg 1 24 13 31 31
1508_0021_0014_0056_0056.jpg 1 21 14 56 56
1509_0054_0011_0033_0033.jpg 1 54 11 33 33
1510_0012_0006_0066_0066.jpg 1 12 6 66 66
1511_0038_0039_0030_0030.jpg 1 38 39 30 30
1512_0030_0029_0057_0057.jpg 1 30 29 57 57
1513_0035_0039_0041_0041.jpg 1 35 39 41 41
1514_0053_0009_0035_0035.jpg 1 53 9 35 35
1515_0014_0036_0038_0038.jpg 1 14 36 38 38
1516_0016_0029_0039_0039.jpg 1 16 29 39 39
1517_0010_0043_0045_0045.jpg 1 10 43 45 45
1518_0045_0050_0036_0036.jpg 1 45 50 36 36
1519_0023_0035_0034_0034.jpg 1 23 35 34 34
1520_0041_0007_0026_0026.jpg 1 41 7 26 26
1521_0015_0012_0047_0047.jpg 1 15 12 47 47
1522_0039_0009_0042_0042.jpg 1 39 9 42 42
1523_0005_0029_0066_0066.jpg 1 5 29 66 66
1524_0014_0014_0060_0060.jpg 1 14 14 60 60
1525_0011_0047_0045_0045.jpg 1 11 47 45 45
1526_0022_0016_0069_0069.jpg 1 22 16 69 69
1527_0013_0028_0062_0062.jpg 1 13 28 62 62
1528_0029_0053_0029_0029.jpg 1 29 53 29 29
1529_0054_0017_0039_0039.jpg 1 54 17 39 39
1530_0021_0049_0045_0045.jpg 1 21 49 45 45
1531_0011_0027_0052_0052.jpg 1 11 27 52 52
1532_0042_0029_0032_0032.jpg 1 42 29 32 32
1533_0019_0004_0063_0063.jpg 1 19 4 63 63
1534_0020_0028_0050_0050.jpg 1 20 28 50 50
1535_0030_0021_0059_0059.jpg 1 30 21 59 59
1536_0037_0018_0031_0031.jpg 1 37 18 31 31
1537_0065_0045_0027_0027.jpg 1 65 45 27 27
1538_0043_0017_0047_0047.jpg 1 43 17 47 47
1539_0006_0010_0037_0037.jpg 1 6 10 37 37
1540_0013_0024_0036_0036.jpg 1 13 24 36 36
1541_0042_0027_0047_0047.jpg 1 42 27 47 47
1542_0050_0016_0032_0032.jpg 1 50 16 32 32
1543_0030_0031_0042_0042.jpg 1 30 31 42 42
1544_0026_0032_0028_0028.jpg 1 26 32 28 28
1545_0043_0041_0050_0050.jpg 1 43 41 50 50
1546_0036_0019_0032_0032.jpg 1 36 19 32 32
1547_0016_0042_0030_0030.jpg 1 16 42 30 30
1548_0056_0039_0036_0036.jpg 1 56 39 36 36
1549_0017_0013_0069_0069.jpg 1 17 13 69 69
1550_0036_0017_0051_0051.jpg 1 36 17 51 51
1551_0010_0025_0040_0040.jpg 1 10 25 40 40
1552_0056_0054_0028_0028.jpg 1 56 54 28 28
1553_0037_0015_0036_0036.jpg 1 37 15 36 36
1554_0032_0042_0052_0052.jpg 1 32 42 52 52
1555_0022_0022_0067_0067.jpg 1 22 22 67 67
1556_0062_0053_0025_0025.jpg 1 62 53 25 25
1557_0039_0006_0050_0050.jpg 1 39 6 50 50
1558_0008_0034_0028_0028.jpg 1 8 34 28 28
1559_0032_0067_0025_0025.jpg 1 32 67 25 25
1560_0007_0032_0040_0040.jpg 1 7 32 40 40
1561_0015_0030_0041_0041.jpg 1 15 30 41 41
1562_0012_0054_0036_0036.jpg 1 12 54 36 36
1563_0043_0034_0045_0045.jpg 1 43 34 45 45
1564_0037_0014_0051_0051.jpg 1 37 14 51 51
1565_0023_0018_0045_0045.jpg 1 23 18 45 45
1566_0012_0045_0046_0046.jpg 1 12 45 46 46
1567_0033_0017_0061_0061.jpg 1 33 17 61 61
1568_0034_0032_0042_0042.jpg 1 34 32 42 42
1569_0026_0013_0051_0051.jpg 1 26 13 51 51
1570_0064_0067_0025_0025.jpg 1 64 67 25 25
1571_0036_0021_0053_0053.jpg 1 36 21 53 53
1572_0008_0012_0054_0054.jpg 1 8 12 54 54
1573_0014_0035_0055_0055.jpg 1 14 35 55 55
1574_0018_0033_0037_0037.jpg 1 18 33 37 37
1575_0028_0032_0041_0041.jpg 1 28 32 41 41
1576_0013_0009_0058_0058.jpg 1 13 9 58 58
1577_0032_0008_0039_0039.jpg 1 32 8 39 39
1578_0032_0043_0049_0049.jpg 1 32 43 49 49
1579_0022_0016_0059_0059.jpg 1 22 16 59 59
1580_0015_0008_0067_0067.jpg 1 15 8 67 67
1581_0035_0030_0033_0033.jpg 1 35 30 33 33
1582_0044_0055_0035_0035.jpg 1 44 55 35 35
1583_0022_0025_0031_0031.jpg 1 22 25 31 31
1584_0005_0032_0047_0047.jpg 1 5 32 47 47
1585_0020_0017_0051_0051.jpg 1 20 17 51 51
1586_0016_0028_0061_0061.jpg 1 16 28 61 61
1587_0024_0027_0054_0054.jpg 1 24 27 54 54
1588_0019_0033_0060_0060.jpg 1 19 33 60 60
1589_0043_0043_0040_0040.jpg 1 43 43 40 40
1590_0041_0032_0027_0027.jpg 1 41 32 27 27
1591_0028_0021_0063_0063.jpg 1 28 21 63 63
1592_0026_0047_0044_0044.jpg 1 26 47 44 44
1593_0033_0047_0036_0036.jpg 1 33 47 36 36
1594_0025_0018_0069_0069.jpg 1 25 18 69 69
1595_0014_0013_0062_0062.jpg 1 14 13 62 62
1596_0036_0023_0058_0058.jpg 1 36 23 58 58
1597_0007_0019_0064_0064.jpg 1 7 19 64 64
1598_0017_0039_0038_0038.jpg 1 17 39 38 38
1599_0004_0004_0059_0059.jpg 1 4 4 59 59
1600_0029_0033_0054_0054.jpg 1 29 33 54 54
1601_0018_0053_0039_0039.jpg 1 18 53 39 39
1602_0016_0040_0046_0046.jpg 1 16 40 46 46
1603_0042_0008_0050_0050.jpg 1 42 8 50 50
1604_0038_0010_0040_0040.jpg 1 38 10 40 40
1605_0010_0049_0025_0025.jpg 1 10 49 25 25
1606_0014_0032_0031_0031.jpg 1 14 32 31 31
1607_0023_0020_0055_0055.jpg 1 23 20 55 55
1608_0007_0016_0067_0067.jpg 1 7 16 67 67
1609_0055_0030_0032_0032.jpg 1 55 30 32 32
1610_0007_0018_0064_0064.jpg 1 7 18 64 64
1611_0022_0022_0024_0024.jpg 1 22 22 24 24
1612_0013_0030_0054_0054.jpg 1 13 30 54 54
1613_0060_0037_0028_0028.jpg 1 60 37 28 28
1614_0033_0050_0044_0044.jpg 1 33 50 44 44
1615_0056_0029_0027_0027.jpg 1 56 29 27 27
1616_0015_0006_0063_0063.jpg 1 15 6 63 63
1617_0008_0025_0057_0057.jpg 1 8 25 57 57
1618_0028_0052_0036_0036.jpg 1 28 52 36 36
1619_0029_0032_0044_0044.jpg 1 29 32 44 44
1620_0017_0004_0067_0067.jpg 1 17 4 67 67
1621_0030_0037_0036_0036.jpg 1 30 37 36 36
1622_0011_0046_0028_0028.jpg 1 11 46 28 28
1623_0036_0019_0056_0056.jpg 1 36 19 56 56
1624_0030_0016_0024_0024.jpg 1 30 16 24 24
1625_0030_0008_0065_0065.jpg 1 30 8 65 65
1626_0004_0005_0065_0065.jpg 1 4 5 65 65
1627_0010_0008_0059_0059.jpg 1 10 8 59 59
1628_0015_0047_0044_0044.jpg 1 15 47 44 44
1629_0027_0047_0041_0041.jpg 1 27 47 41 41
1630_0010_0019_0062_0062.jpg 1 10 19 62 62
1631_0037_0055_0033_0033.jpg 1 37 55 33 33
1632_0032_0032_0059_0059.jpg 1 32 32 59 59
1633_0016_0060_0028_0028.jpg 1 16 60 28 28
1634_0019_0056_0029_0029.jpg 1 19 56 29 29
1635_0011_0010_0066_0066.jpg 1 11 10 66 66
1636_0024_0025_0064_0064.jpg 1 24 25 64 64
1637_0047_0030_0044_0044.jpg 1 47 30 44 44
1638_0018_0021_0060_0060.jpg 1 18 21 60 60
1639_0016_0018_0052_0052.jpg 1 16 18 52 52
1640_0023_0006_0049_0049.jpg 1 23 6 49 49
1641_0021_0016_0027_0027.jpg 1 21 16 27 27
1642_0007_0013_0031_0031.jpg 1 7 13 31 31
1643_0006_0005_0069_0069.jpg 1 6 5 69 69
1644_0037_0021_0058_0058.jpg 1 37 21 58 58
1645_0021_0042_0049_0049.jpg 1 21 42 49 49
1646_0029_0035_0048_0048.jpg 1 29 35 48 48
1647_0031_0017_0061_0061.jpg 1 31 17 61 61
1648_0017_0009_0048_0048.jpg 1 17 9 48 48
1649_0020_0008_0067_0067.jpg 1 20 8 67 67
1650_0054_0029_0026_0026.jpg 1 54 29 26 26
1651_0025_0018_0068_0068.jpg 1 25 18 68 68
1652_0015_0016_0068_0068.jpg 1 15 16 68 68
1653_0031_0025_0064_0064.jpg 1 31 25 64 64
1654_0055_0059_0034_0034.jpg 1 55 59 34 34
1655_0033_0023_0058_0058.jpg 1 33 23 58 58
1656_0019_0018_0069_0069.jpg 1 19 18 69 69
1657_0022_0008_0064_0064.jpg 1 22 8 64 64
1658_0044_0035_0025_0025.jpg 1 44 35 25 25
1659_0049_0037_0025_0025.jpg 1 49 37 25 25
1660_0023_0018_0060_0060.jpg 1 23 18 60 60
1661_0047_0024_0046_0046.jpg 1 47 24 46 46
1662_0034_0017_0048_0048.jpg 1 34 17 48 48
1663_0046_0047_0031_0031.jpg 1 46 47 31 31
1664_0025_0015_0040_0040.jpg 1 25 15 40 40
1665_0010_0030_0064_0064.jpg 1 10 30 64 64
1666_0022_0051_0042_0042.jpg 1 22 51 42 42
1667_0033_0034_0044_0044.jpg 1 33 34 44 44
1668_0007_0011_0056_0056.jpg 1 7 11 56 56
1669_0014_0034_0057_0057.jpg 1 14 34 57 57
1670_0013_0020_0049_0049.jpg 1 13 20 49 49
1671_0042_0037_0049_0049.jpg 1 42 37 49 49
1672_0016_0057_0028_0028.jpg 1 16 57 28 28
1673_0043_0013_0042_0042.jpg 1 43 13 42 42
1674_0005_0017_0064_0064.jpg 1 5 17 64 64
1675_0051_0037_0031_0031.jpg 1 51 37 31 31
1676_0014_0032_0044_0044.jpg 1 14 32 44 44
1677_0008_0029_0066_0066.jpg 1 8 29 66 66
1678_0036_0009_0058_0058.jpg 1 36 9 58 58
1679_0037_0025_0042_0042.jpg 1 37 25 42 42
1680_0016_0009_0047_0047.jpg 1 16 9 47 47
1681_0037_0042_0042_0042.jpg 1 37 42 42 42
1682_0036_0048_0040_0040.jpg 1 36 48 40 40
1683_0027_0013_0068_0068.jpg 1 27 13 68 68
1684_0027_0007_0062_0062.jpg 1 27 7 62 62
1685_0053_0042_0035_0035.jpg 1 53 42 35 35
1686_0044_0016_0042_0042.jpg 1 44 16 42 42
1687_0052_0056_0032_0032.jpg 1 52 56 32 32
1688_0009_0036_0037_0037.jpg 1 9 36 37 37
1689_0042_0022_0047_0047.jpg 1 42 22 47 47
1690_0039_0026_0056_0056.jpg 1 39 26 56 56
1691_0032_0024_0035_0035.jpg 1 32 24 35 35
1692_0044_0017_0033_0033.jpg 1 44 17 33 33
1693_0007_0043_0041_0041.jpg 1 7 43 41 41
1694_0036_0018_0058_0058.jpg 1 36 18 58 58
1695_0036_0034_0045_0045.jpg 1 36 34 45 45
1696_0009_0038_0024_0024.jpg 1 9 38 24 24
1697_0013_0043_0038_0038.jpg 1 13 43 38 38
1698_0008_0019_0059_0059.jpg 1 8 19 59 59
1699_0023_0013_0033_0033.jpg 1 23 13 33 33
1700_0020_0018_0069_0069.jpg 1 20 18 69 69
1701_0043_0024_0031_0031.jpg 1 43 24 31 31
1702_0013_0016_0063_0063.jpg 1 13 16 63 63
1703_0013_0006_0062_0062.jpg 1 13 6 62 62
1704_0021_0035_0034_0034.jpg 1 21 35 34 34
1705_0012_0037_0029_0029.jpg 1 12 37 29 29
1706_0024_0012_0059_0059.jpg 1 24 12 59 59
1707_0040_0043_0049_0049.jpg 1 40 43 49 49
1708_0031_0032_0029_0029.jpg 1 31 32 29 29
1709_0035_0040_0040_0040.jpg 1 35 40 40 40
1710_0025_0016_0061_0061.jpg 1 25 16 61 61
1711_0025_0034_0037_0037.jpg 1 25 34 37 37
1712_0025_0032_0060_0060.jpg 1 25 32 60 60
1713_0047_0046_0043_0043.jpg 1 47 46 43 43
1714_0012_0020_0044_0044.jpg 1 12 20 44 44
1715_0009_0036_0043_0043.jpg 1 9 36 43 43
1716_0040_0014_0041_0041.jpg 1 40 14 41 41
1717_0026_0030_0059_0059.jpg 1 26 30 59 59
1718_0043_0007_0043_0043.jpg 1 43 7 43 43
1719_0022_0015_0066_0066.jpg 1 22 15 66 66
1720_0035_0026_0027_0027.jpg 1 35 26 27 27
1721_0035_0005_0051_0051.jpg 1 35 5 51 51
1722_0036_0028_0049_0049.jpg 1 36 28 49 49
1723_0054_0014_0027_0027.jpg 1 54 14 27 27
1724_0010_0020_0066_0066.jpg 1 10 20 66 66
1725_0024_0032_0032_0032.jpg 1 24 32 32 32
1726_0044_0008_0048_0048.jpg 1 44 8 48 48
1727_0033_0022_0054_0054.jpg 1 33 22 54 54
1728_0025_0017_0044_0044.jpg 1 25 17 44 44
1729_0038_0037_0031_0031.jpg 1 38 37 31 31
1730_0034_0019_0053_0053.jpg 1 34 19 53 53
1731_0027_0026_0054_0054.jpg 1 27 26 54 54
1732_0018_0021_0061_0061.jpg 1 18 21 61 61
1733_0022_0026_0056_0056.jpg 1 22 26 56 56
1734_0043_0009_0037_0037.jpg 1 43 9 37 37
1735_0006_0026_0058_0058.jpg 1 6 26 58 58
1736_0056_0049_0027_0027.jpg 1 56 49 27 27
1737_0034_0050_0036_0036.jpg 1 34 50 36 36
1738_0036_0043_0032_0032.jpg 1 36 43 32 32
1739_0012_0039_0045_0045.jpg 1 12 39 45 45
1740_0028_0011_0049_0049.jpg 1 28 11 49 49
1741_0010_0019_0063_0063.jpg 1 10 19 63 63
1742_0014_0020_0051_0051.jpg 1 14 20 51 51
1743_0058_0025_0029_0029.jpg 1 58 25 29 29
1744_0011_0048_0036_0036.jpg 1 11 48 36 36
1745_0025_0038_0055_0055.jpg 1 25 38 55 55
1746_0024_0041_0032_0032.jpg 1 24 41 32 32
1747_0049_0059_0033_0033.jpg 1 49 59 33 33
1748_0010_0027_0068_0068.jpg 1 10 27 68 68
1749_0013_0019_0056_0056.jpg 1 13 19 56 56
1750_0009_0017_0065_0065.jpg 1 9 17 65 65
1751_0012_0027_0035_0035.jpg 1 12 27 35 35
1752_0036_0022_0053_0053.jpg 1 36 22 53 53
1753_0035_0014_0060_0060.jpg 1 35 14 60 60
1754_0023_0036_0053_0053.jpg 1 23 36 53 53
1755_0032_0032_0044_0044.jpg 1 32 32 44 44
1756_0010_0037_0024_0024.jpg 1 10 37 24 24
1757_0024_0020_0057_0057.jpg 1 24 20 57 57
1758_0031_0009_0043_0043.jpg 1 31 9 43 43
1759_0021_0021_0052_0052.jpg 1 21 21 52 52
1760_0037_0037_0036_0036.jpg 1 37 37 36 36
1761_0017_0029_0063_0063.jpg 1 17 29 63 63
1762_0060_0055_0024_0024.jpg 1 60 55 24 24
1763_0039_0048_0041_0041.jpg 1 39 48 41 41
1764_0012_0033_0060_0060.jpg 1 12 33 60 60
1765_0025_0022_0067_0067.jpg 1 25 22 67 67
1766_0036_0004_0055_0055.jpg 1 36 4 55 55
1767_0035_0047_0037_0037.jpg 1 35 47 37 37
1768_0006_0032_0055_0055.jpg 1 6 32 55 55
1769_0012_0012_0058_0058.jpg 1 12 12 58 58
1770_0059_0064_0027_0027.jpg 1 59 64 27 27
1771_0005_0032_0054_0054.jpg 1 5 32 54 54
1772_0010_0028_0042_0042.jpg 1 10 28 42 42
1773_0028_0008_0058_0058.jpg 1 28 8 58 58
1774_0024_0013_0067_0067.jpg 1 24 13 67 67
1775_0014_0006_0064_0064.jpg 1 14 6 64 64
1776_0036_0052_0029_0029.jpg 1 36 52 29 29
1777_0028_0009_0047_0047.jpg 1 28 9 47 47
1778_0019_0008_0043_0043.jpg 1 19 8 43 43
1779_0035_0021_0055_0055.jpg 1 35 21 55 55
1780_0037_0029_0031_0031.jpg 1 37 29 31 31
1781_0008_0015_0034_0034.jpg 1 8 15 34 34
1782_0015_0011_0042_0042.jpg 1 15 11 42 42
1783_0028_0045_0048_0048.jpg 1 28 45 48 48
1784_0024_0031_0060_0060.jpg 1 24 31 60 60
1785_0006_0025_0043_0043.jpg 1 6 25 43 43
1786_0021_0017_0065_0065.jpg 1 21 17 65 65
1787_0020_0011_0065_0065.jpg 1 20 11 65 65
1788_0044_0018_0043_0043.jpg 1 44 18 43 43
1789_0045_0040_0044_0044.jpg 1 45 40 44 44
1790_0019_0035_0036_0036.jpg 1 19 35 36 36
1791_0049_0019_0029_0029.jpg 1 49 19 29 29
1792_0036_0026_0059_0059.jpg 1 36 26 59 59
1793_0029_0027_0039_0039.jpg 1 29 27 39 39
1794_0046_0030_0036_0036.jpg 1 46 30 36 36
1795_0018_0018_0063_0063.jpg 1 18 18 63 63
1796_0031_0043_0041_0041.jpg 1 31 43 41 41
1797_0047_0031_0044_0044.jpg 1 47 31 44 44
1798_0018_0052_0028_0028.jpg 1 18 52 28 28
1799_0053_0055_0033_0033.jpg 1 53 55 33 33
1800_0033_0039_0029_0029.jpg 1 33 39 29 29
1801_0021_0007_0041_0041.jpg 1 21 7 41 41
1802_0004_0029_0057_0057.jpg 1 4 29 57 57
1803_0027_0062_0028_0028.jpg 1 27 62 28 28
1804_0042_0018_0040_0040.jpg 1 42 18 40 40
1805_0012_0051_0030_0030.jpg 1 12 51 30 30
1806_0047_0040_0036_0036.jpg 1 47 40 36 36
1807_0011_0031_0064_0064.jpg 1 11 31 64 64
1808_0021_0049_0031_0031.jpg 1 21 49 31 31
1809_0009_0039_0032_0032.jpg 1 9 39 32 32
1810_0025_0042_0039_0039.jpg 1 25 42 39 39
1811_0009_0015_0034_0034.jpg 1 9 15 34 34
1812_0041_0019_0049_0049.jpg 1 41 19 49 49
1813_0005_0015_0066_0066.jpg 1 5 15 66 66
1814_0013_0049_0042_0042.jpg 1 13 49 42 42
1815_0029_0023_0024_0024.jpg 1 29 23 24 24
1816_0029_0014_0067_0067.jpg 1 29 14 67 67
1817_0052_0030_0033_0033.jpg 1 52 30 33 33
1818_0010_0030_0044_0044.jpg 1 10 30 44 44
1819_0047_0045_0043_0043.jpg 1 47 45 43 43
1820_0026_0045_0027_0027.jpg 1 26 45 27 27
1821_0030_0026_0059_0059.jpg 1 30 26 59 59
1822_0019_0023_0040_0040.jpg 1 19 23 40 40
1823_0009_0026_0055_0055.jpg 1 9 26 55 55
1824_0043_0008_0044_0044.jpg 1 43 8 44 44
1825_0041_0017_0045_0045.jpg 1 41 17 45 45
1826_0013_0007_0033_0033.jpg 1 13 7 33 33
1827_0050_0056_0028_0028.jpg 1 50 56 28 28
1828_0034_0012_0046_0046.jpg 1 34 12 46 46
1829_0041_0030_0048_0048.jpg 1 41 30 48 48
1830_0022_0009_0056_0056.jpg 1 22 9 56 56
1831_0014_0030_0039_0039.jpg 1 14 30 39 39
1832_0046_0049_0042_0042.jpg 1 46 49 42 42
1833_0055_0009_0030_0030.jpg 1 55 9 30 30
1834_0046_0026_0038_0038.jpg 1 46 26 38 38
1835_0015_0039_0035_0035.jpg 1 15 39 35 35
1836_0038_0053_0029_0029.jpg 1 38 53 29 29
1837_0017_0024_0047_0047.jpg 1 17 24 47 47
1838_0025_0048_0044_0044.jpg 1 25 48 44 44
1839_0005_0026_0061_0061.jpg 1 5 26 61 61
1840_0058_0060_0024_0024.jpg 1 58 60 24 24
1841_0012_0032_0057_0057.jpg 1 12 32 57 57
1842_0038_0019_0046_0046.jpg 1 38 19 46 46
1843_0021_0032_0055_0055.jpg 1 21 32 55 55
1844_0046_0021_0042_0042.jpg 1 46 21 42 42
1845_0004_0024_0056_0056.jpg 1 4 24 56 56
1846_0019_0035_0044_0044.jpg 1 19 35 44 44
1847_0006_0022_0069_0069.jpg 1 6 22 69 69
1848_0036_0028_0055_0055.jpg 1 36 28 55 55
1849_0023_0047_0035_0035.jpg 1 23 47 35 35
1850_0037_0022_0038_0038.jpg 1 37 22 38 38
1851_0049_0045_0036_0036.jpg 1 49 45 36 36
1852_0034_0033_0040_0040.jpg 1 34 33 40 40
1853_0058_0037_0033_0033.jpg 1 58 37 33 33
1854_0022_0015_0039_0039.jpg 1 22 15 39 39
1855_0008_0036_0032_0032.jpg 1 8 36 32 32
1856_0030_0017_0062_0062.jpg 1 30 17 62 62
1857_0020_0059_0028_0028.jpg 1 20 59 28 28
1858_0036_0016_0057_0057.jpg 1 36 16 57 57
1859_0018_0003_0065_0065.jpg 1 18 3 65 65
1860_0028_0018_0043_0043.jpg 1 28 18 43 43
1861_0028_0028_0047_0047.jpg 1 28 28 47 47
1862_0038_0026_0034_0034.jpg 1 38 26 34 34
1863_0006_0010_0069_0069.jpg 1 6 10 69 69
1864_0021_0010_0060_0060.jpg 1 21 10 60 60
1865_0021_0036_0055_0055.jpg 1 21 36 55 55
1866_0033_0041_0054_0054.jpg 1 33 41 54 54
1867_0015_0024_0049_0049.jpg 1 15 24 49 49
1868_0010_0041_0049_0049.jpg 1 10 41 49 49
1869_0012_0015_0058_0058.jpg 1 12 15 58 58
1870_0031_0025_0025_0025.jpg 1 31 25 25 25
1871_0016_0018_0062_0062.jpg 1 16 18 62 62
1872_0050_0008_0030_0030.jpg 1 50 8 30 30
1873_0056_0048_0036_0036.jpg 1 56 48 36 36
1874_0008_0029_0029_0029.jpg 1 8 29 29 29
1875_0029_0008_0048_0048.jpg 1 29 8 48 48
1876_0005_0017_0045_0045.jpg 1 5 17 45 45
1877_0018_0028_0067_0067.jpg 1 18 28 67 67
1878_0018_0010_0026_0026.jpg 1 18 10 26 26
1879_0056_0042_0032_0032.jpg 1 56 42 32 32
1880_0013_0038_0025_0025.jpg 1 13 38 25 25
1881_0020_0030_0065_0065.jpg 1 20 30 65 65
1882_0019_0010_0068_0068.jpg 1 19 10 68 68
1883_0020_0018_0064_0064.jpg 1 20 18 64 64
1884_0011_0027_0069_0069.jpg 1 11 27 69 69
1885_0013_0061_0025_0025.jpg 1 13 61 25 25
1886_0003_0019_0065_0065.jpg 1 3 19 65 65
1887_0024_0008_0068_0068.jpg 1 24 8 68 68
1888_0026_0031_0056_0056.jpg 1 26 31 56 56
1889_0031_0032_0057_0057.jpg 1 31 32 57 57
1890_0049_0036_0038_0038.jpg 1 49 36 38 38
1891_0029_0023_0065_0065.jpg 1 29 23 65 65
1892_0018_0018_0067_0067.jpg 1 18 18 67 67
1893_0008_0017_0036_0036.jpg 1 8 17 36 36
1894_0008_0008_0065_0065.jpg 1 8 8 65 65
1895_0030_0012_0062_0062.jpg 1 30 12 62 62
1896_0033_0013_0061_0061.jpg 1 33 13 61 61
1897_0053_0009_0024_0024.jpg 1 53 9 24 24
1898_0042_0010_0047_0047.jpg 1 42 10 47 47
1899_0015_0022_0068_0068.jpg 1 15 22 68 68
1900_0018_0006_0060_0060.jpg 1 18 6 60 60
1901_0034_0032_0046_0046.jpg 1 34 32 46 46
1902_0034_0012_0043_0043.jpg 1 34 12 43 43
1903_0048_0028_0032_0032.jpg 1 48 28 32 32
1904_0027_0012_0057_0057.jpg 1 27 12 57 57
1905_0022_0020_0060_0060.jpg 1 22 20 60 60
1906_0020_0019_0031_0031.jpg 1 20 19 31 31
1907_0023_0021_0034_0034.jpg 1 23 21 34 34
1908_0038_0058_0025_0025.jpg 1 38 58 25 25
1909_0026_0004_0059_0059.jpg 1 26 4 59 59
1910_0005_0022_0069_0069.jpg 1 5 22 69 69
1911_0013_0013_0039_0039.jpg 1 13 13 39 39
1912_0040_0026_0052_0052.jpg 1 40 26 52 52
1913_0006_0008_0056_0056.jpg 1 6 8 56 56
1914_0031_0007_0065_0065.jpg 1 31 7 65 65
1915_0007_0007_0068_0068.jpg 1 7 7 68 68
1916_0045_0011_0032_0032.jpg 1 45 11 32 32
1917_0037_0016_0055_0055.jpg 1 37 16 55 55
1918_0028_0008_0065_0065.jpg 1 28 8 65 65
1919_0046_0013_0038_0038.jpg 1 46 13 38 38
1920_0041_0029_0052_0052.jpg 1 41 29 52 52
1921_0042_0044_0025_0025.jpg 1 42 44 25 25
1922_0017_0009_0052_0052.jpg 1 17 9 52 52
1923_0014_0021_0039_0039.jpg 1 14 21 39 39
1924_0020_0063_0024_0024.jpg 1 20 63 24 24
1925_0010_0021_0041_0041.jpg 1 10 21 41 41
1926_0009_0013_0060_0060.jpg 1 9 13 60 60
1927_0012_0011_0067_0067.jpg 1 12 11 67 67
1928_0023_0016_0069_0069.jpg 1 23 16 69 69
1929_0022_0032_0045_0045.jpg 1 22 32 45 45
1930_0025_0041_0052_0052.jpg 1 25 41 52 52
1931_0036_0012_0039_0039.jpg 1 36 12 39 39
1932_0010_0004_0065_0065.jpg 1 10 4 65 65
1933_0015_0023_0069_0069.jpg 1 15 23 69 69
1934_0024_0020_0025_0025.jpg 1 24 20 25 25
1935_0062_0032_0030_0030.jpg 1 62 32 30 30
1936_0035_0011_0051_0051.jpg 1 35 11 51 51
1937_0044_0007_0039_0039.jpg 1 44 7 39 39
1938_0006_0032_0042_0042.jpg 1 6 32 42 42
1939_0014_0062_0026_0026.jpg 1 14 62 26 26
1940_0042_0053_0029_0029.jpg 1 42 53 29 29
1941_0024_0023_0041_0041.jpg 1 24 23 41 41
1942_0024_0014_0057_0057.jpg 1 24 14 57 57
1943_0021_0021_0042_0042.jpg 1 21 21 42 42
1944_0028_0014_0064_0064.jpg 1 28 14 64 64
1945_0035_0028_0055_0055.jpg 1 35 28 55 55
1946_0036_0044_0050_0050.jpg 1 36 44 50 50
1947_0010_0021_0066_0066.jpg 1 10 21 66 66
1948_0034_0012_0033_0033.jpg 1 34 12 33 33
1949_0041_0026_0053_0053.jpg 1 41 26 53 53
1950_0018_0033_0044_0044.jpg 1 18 33 44 44
1951_0041_0038_0030_0030.jpg 1 41 38 30 30
1952_0028_0020_0056_0056.jpg 1 28 20 56 56
1953_0023_0005_0064_0064.jpg 1 23 5 64 64
1954_0051_0034_0036_0036.jpg 1 51 34 36 36
1955_0042_0019_0050_0050.jpg 1 42 19 50 50
1956_0046_0022_0024_0024.jpg 1 46 22 24 24
1957_0039_0038_0039_0039.jpg 1 39 38 39 39
1958_0014_0012_0062_0062.jpg 1 14 12 62 62
1959_0039_0032_0051_0051.jpg 1 39 32 51 51
1960_0034_0013_0054_0054.jpg 1 34 13 54 54
1961_0015_0027_0042_0042.jpg 1 15 27 42 42
1962_0066_0023_0025_0025.jpg 1 66 23 25 25
1963_0039_0024_0033_0033.jpg 1 39 24 33 33
1964_0023_0019_0062_0062.jpg 1 23 19 62 62
1965_0036_0038_0024_0024.jpg 1 36 38 24 24
1966_0018_0033_0040_0040.jpg 1 18 33 40 40
1967_0040_0057_0024_0024.jpg 1 40 57 24 24
1968_0010_0025_0043_0043.jpg 1 10 25 43 43
1969_0024_0009_0053_0053.jpg 1 24 9 53 53
1970_0045_0035_0048_0048.jpg 1 45 35 48 48
1971_0061_0059_0025_0025.jpg 1 61 59 25 25
1972_0036_0006_0058_0058.jpg 1 36 6 58 58
1973_0024_0026_0067_0067.jpg 1 24 26 67 67
1974_0041_0016_0053_0053.jpg 1 41 16 53 53
1975_0060_0055_0024_0024.jpg 1 60 55 24 24
1976_0015_0029_0051_0051.jpg 1 15 29 51 51
1977_0009_0025_0042_0042.jpg 1 9 25 42 42
1978_0007_0017_0060_0060.jpg 1 7 17 60 60
1979_0012_0021_0044_0044.jpg 1 12 21 44 44
1980_0024_0011_0048_0048.jpg 1 24 11 48 48
1981_0020_0003_0068_0068.jpg 1 20 3 68 68
1982_0027_0028_0067_0067.jpg 1 27 28 67 67
1983_0049_0026_0029_0029.jpg 1 49 26 29 29
1984_0018_0034_0056_0056.jpg 1 18 34 56 56
1985_0007_0033_0056_0056.jpg 1 7 33 56 56
1986_0015_0029_0065_0065.jpg 1 15 29 65 65
1987_0015_0045_0036_0036.jpg 1 15 45 36 36
1988_0027_0024_0028_0028.jpg 1 27 24 28 28
1989_0021_0040_0034_0034.jpg 1 21 40 34 34
1990_0007_0017_0061_0061.jpg 1 7 17 61 61
1991_0036_0006_0042_0042.jpg 1 36 6 42 42
1992_0039_0039_0040_0040.jpg 1 39 39 40 40
1993_0020_0041_0053_0053.jpg 1 20 41 53 53
1994_0017_0009_0058_0058.jpg 1 17 9 58 58
1995_0023_0010_0064_0064.jpg 1 23 10 64 64
1996_0038_0008_0056_0056.jpg 1 38 8 56 56
1997_0006_0041_0042_0042.jpg 1 6 41 42 42
1998_0017_0007_0055_0055.jpg 1 17 7 55 55
1999_0022_0031_0055_0055.jpg 1 22 31 55 55
2000_0021_0030_0044_0044.jpg 1 21 30 44 44
